[2013-4-9 22:06:07]  ******************
[2013-4-9 22:06:07]  ** OliWeb 0.1.7 **
[2013-4-9 22:06:07]  ******************
[2013-4-9 22:06:07]  Opening OliWebConfig.xml
[2013-4-9 22:06:07]  Parsing XML (tinyxml2)
[2013-4-9 22:06:07]  Errorcode = 0
[2013-4-9 22:06:07]  Reading configuration parameters
[2013-4-9 22:06:07]  PortNumber = 8077
[2013-4-9 22:06:07]  RootFileDirectory = web
[2013-4-9 22:06:07]  DefaultFileName = index.html
[2013-4-9 22:06:07]  FileNotFoundPage = oops404.html
[2013-4-9 22:06:07]  ScriptDirectory = cgi-bin
[2013-4-9 22:06:07]  Opening port 8077
[2013-4-9 22:06:07]  Listening on port 8077...
[2013-4-9 22:06:07]  Waiting for inbound request.
[2013-4-9 22:06:29]  Thread launch result = 0
[2013-4-9 22:06:29]  Waiting for inbound request.
[2013-4-9 22:06:29]  Received inbound request from 192.168.1.116
[2013-4-9 22:06:29]  Socket numbr = 14
GET / HTTP/1.1
Host: 192.168.1.128:8077
Accept-Encoding: gzip, deflate
Accept: text/html,application/xhtml+xml,application/xml;q=0.9,*/*;q=0.8
Accept-Language: en-us
Connection: keep-alive
Cache-Control: max-age=0
User-Agent: Mozilla/5.0 (iPhone; CPU iPhone OS 6_1_2 like Mac OS X) AppleWebKit/536.26 (KHTML, like Gecko) Version/6.0 Mobile/10B146 Safari/8536.25


[2013-4-9 22:06:29]  (372 bytes)
[2013-4-9 22:06:29]  Checking for web/index.html
[2013-4-9 22:06:29]  Sending web/index.html
[2013-4-9 22:06:29]  Sent 930 bytes.
[2013-4-9 22:06:29]  Thread launch result = 0
[2013-4-9 22:06:29]  Waiting for inbound request.
[2013-4-9 22:06:29]  Received inbound request from 192.168.1.116
[2013-4-9 22:06:29]  Socket numbr = 15
[2013-4-9 22:06:29]  Thread launch result = 0
[2013-4-9 22:06:29]  Waiting for inbound request.
GET /piLogo.png HTTP/1.1
Host: 192.168.1.128:8077
Referer: http://192.168.1.128:8077/
Accept-Encoding: gzip, deflate
Accept: */*
Accept-Language: en-us
Connection: keep-alive
User-Agent: Mozilla/5.0 (iPhone; CPU iPhone OS 6_1_2 like Mac OS X) AppleWebKit/536.26 (KHTML, like Gecko) Version/6.0 Mobile/10B146 Safari/8536.25


[2013-4-9 22:06:29]  (333 bytes)
[2013-4-9 22:06:29]  Checking for web/piLogo.png
[2013-4-9 22:06:29]  Received inbound request from 192.168.1.116
[2013-4-9 22:06:29]  Sending web/piLogo.png
[2013-4-9 22:06:29]  Sent 3277 bytes.
[2013-4-9 22:06:29]  Socket numbr = 14
GET /BigMap.png HTTP/1.1
Host: 192.168.1.128:8077
Referer: http://192.168.1.128:8077/
Accept-Encoding: gzip, deflate
Accept: */*
Accept-Language: en-us
Connection: keep-alive
User-Agent: Mozilla/5.0 (iPhone; CPU iPhone OS 6_1_2 like Mac OS X) AppleWebKit/536.26 (KHTML, like Gecko) Version/6.0 Mobile/10B146 Safari/8536.25


[2013-4-9 22:06:29]  (333 bytes)
[2013-4-9 22:06:29]  Checking for web/BigMap.png
[2013-4-9 22:06:29]  Sending web/BigMap.png
[2013-4-9 22:06:30]  Sent 100832 bytes.
[2013-4-9 22:06:38]  Thread launch result = 0
[2013-4-9 22:06:38]  Waiting for inbound request.
[2013-4-9 22:06:38]  Received inbound request from 192.168.1.1
[2013-4-9 22:06:38]  Socket numbr = 16
GET / HTTP/1.1
Host: 68.104.234.48:8077
Accept-Encoding: gzip, deflate
Accept: text/html,application/xhtml+xml,application/xml;q=0.9,*/*;q=0.8
Accept-Language: en-us
Connection: keep-alive
Cache-Control: max-age=0
User-Agent: Mozilla/5.0 (iPhone; CPU iPhone OS 6_1_2 like Mac OS X) AppleWebKit/536.26 (KHTML, like Gecko) Version/6.0 Mobile/10B146 Safari/8536.25


[2013-4-9 22:06:38]  (372 bytes)
[2013-4-9 22:06:38]  Checking for web/index.html
[2013-4-9 22:06:38]  Sending web/index.html
[2013-4-9 22:06:38]  Sent 930 bytes.
[2013-4-9 22:06:38]  Thread launch result = 0
[2013-4-9 22:06:38]  Waiting for inbound request.
[2013-4-9 22:06:38]  Received inbound request from 192.168.1.1
[2013-4-9 22:06:38]  Socket numbr = 14
[2013-4-9 22:06:38]  Thread launch result = 0
[2013-4-9 22:06:38]  Waiting for inbound request.
GET /piLogo.png HTTP/1.1
Host: 68.104.234.48:8077
Referer: http://68.104.234.48:8077/
Accept-Encoding: gzip, deflate
Accept: */*
Accept-Language: en-us
Connection: keep-alive
Cache-Control: max-age=0
User-Agent: Mozilla/5.0 (iPhone; CPU iPhone OS 6_1_2 like Mac OS X) AppleWebKit/536.26 (KHTML, like Gecko) Version/6.0 Mobile/10B146 Safari/8536.25


[2013-4-9 22:06:38]  (359 bytes)
[2013-4-9 22:06:38]  Checking for web/piLogo.png
[2013-4-9 22:06:38]  Received inbound request from 192.168.1.1
[2013-4-9 22:06:38]  Sending web/piLogo.png
[2013-4-9 22:06:38]  Sent 3277 bytes.
[2013-4-9 22:06:38]  Socket numbr = 15
GET /BigMap.png HTTP/1.1
Host: 68.104.234.48:8077
Referer: http://68.104.234.48:8077/
Accept-Encoding: gzip, deflate
Accept: */*
Accept-Language: en-us
Connection: keep-alive
Cache-Control: max-age=0
User-Agent: Mozilla/5.0 (iPhone; CPU iPhone OS 6_1_2 like Mac OS X) AppleWebKit/536.26 (KHTML, like Gecko) Version/6.0 Mobile/10B146 Safari/8536.25


[2013-4-9 22:06:38]  (359 bytes)
[2013-4-9 22:06:38]  Checking for web/BigMap.png
[2013-4-9 22:06:38]  Sending web/BigMap.png
[2013-4-9 22:06:39]  Sent 100832 bytes.
[2013-4-9 22:06:42]  Thread launch result = 0
[2013-4-9 22:06:42]  Waiting for inbound request.
[2013-4-9 22:06:42]  Received inbound request from 192.168.1.1
[2013-4-9 22:06:42]  Socket numbr = 16
GET /cgiScripts.html HTTP/1.1
Host: 68.104.234.48:8077
Referer: http://68.104.234.48:8077/
Accept-Encoding: gzip, deflate
Accept: text/html,application/xhtml+xml,application/xml;q=0.9,*/*;q=0.8
Accept-Language: en-us
Connection: keep-alive
User-Agent: Mozilla/5.0 (iPhone; CPU iPhone OS 6_1_2 like Mac OS X) AppleWebKit/536.26 (KHTML, like Gecko) Version/6.0 Mobile/10B146 Safari/8536.25


[2013-4-9 22:06:42]  (398 bytes)
[2013-4-9 22:06:42]  Checking for web/cgiScripts.html
[2013-4-9 22:06:42]  Sending web/cgiScripts.html
[2013-4-9 22:06:42]  Sent 1398 bytes.
[2013-4-9 22:06:42]  Thread launch result = 0
[2013-4-9 22:06:42]  Waiting for inbound request.
[2013-4-9 22:06:42]  Thread launch result = 0
[2013-4-9 22:06:42]  Waiting for inbound request.
[2013-4-9 22:06:42]  Thread launch result = 0
[2013-4-9 22:06:42]  Waiting for inbound request.
[2013-4-9 22:06:42]  Received inbound request from 192.168.1.1
[2013-4-9 22:06:42]  Socket numbr = 16
[2013-4-9 22:06:42]  Received inbound request from 192.168.1.1
[2013-4-9 22:06:42]  Socket numbr = 15
[2013-4-9 22:06:42]  Received inbound request from 192.168.1.1
[2013-4-9 22:06:42]  Socket numbr = 14
GET /snapshot/snapshotx3.jpeg HTTP/1.1
Host: 68.104.234.48:8077
Referer: http://68.104.234.48:8077/cgiScripts.html
Accept-Encoding: gzip, deflate
Accept: */*
Accept-Language: en-us
Connection: keep-alive
User-Agent: Mozilla/5.0 (iPhone; CPU iPhone OS 6_1_2 like Mac OS X) AppleWebKit/536.26 (KHTML, like Gecko) Version/6.0 Mobile/10B146 Safari/8536.25


GET /snapshot/snapshot.jpeg HTTP/1.1
Host: 68.104.234.48:8077
Referer: http://68.104.234.48:8077/cgiScripts.html
Accept-Encoding: gzip, deflate
Accept: */*
Accept-Language: en-us
Connection: keep-alive
User-Agent: Mozilla/5.0 (iPhone; CPU iPhone OS 6_1_2 like Mac OS X) AppleWebKit/536.26 (KHTML, like Gecko) Version/6.0 Mobile/10B146 Safari/8536.25


[2013-4-9 22:06:42]  (362 bytes)
GET /piLogo.png HTTP/1.1
Host: 68.104.234.48:8077
Referer: http://68.104.234.48:8077/cgiScripts.html
Accept-Encoding: gzip, deflate
Accept: */*
Accept-Language: en-us
Connection: keep-alive
User-Agent: Mozilla/5.0 (iPhone; CPU iPhone OS 6_1_2 like Mac OS X) AppleWebKit/536.26 (KHTML, like Gecko) Version/6.0 Mobile/10B146 Safari/8536.25


[2013-4-9 22:06:42]  Checking for web/snapshot/snapshotx3.jpeg
[2013-4-9 22:06:42]  Sending web/snapshot/snapshotx3.jpeg
[2013-4-9 22:06:43]  (360 bytes)
[2013-4-9 22:06:43]  (348 bytes)
[2013-4-9 22:06:43]  Sent 36271 bytes.
[2013-4-9 22:06:43]  Checking for web/snapshot/snapshot.jpeg
[2013-4-9 22:06:43]  Sending web/snapshot/snapshot.jpeg
[2013-4-9 22:06:43]  Sent 78356 bytes.
[2013-4-9 22:06:43]  Checking for web/piLogo.png
[2013-4-9 22:06:43]  Sending web/piLogo.png
[2013-4-9 22:06:43]  Sent 3277 bytes.
[2013-4-9 22:06:50]  Thread launch result = 0
[2013-4-9 22:06:50]  Waiting for inbound request.
[2013-4-9 22:06:50]  Received inbound request from 192.168.1.1
[2013-4-9 22:06:50]  Socket numbr = 17
GET /snapshot.cgi HTTP/1.1
Host: 68.104.234.48:8077
Referer: http://68.104.234.48:8077/cgiScripts.html
Accept-Encoding: gzip, deflate
Accept: text/html,application/xhtml+xml,application/xml;q=0.9,*/*;q=0.8
Accept-Language: en-us
Connection: keep-alive
User-Agent: Mozilla/5.0 (iPhone; CPU iPhone OS 6_1_2 like Mac OS X) AppleWebKit/536.26 (KHTML, like Gecko) Version/6.0 Mobile/10B146 Safari/8536.25


[2013-4-9 22:06:50]  (410 bytes)
[2013-4-9 22:06:50]  Invoking: 'cgi-bin/snapshot.cgi >> scriptOutput.17'.
[2013-4-9 22:06:56]  Return value = 0
[2013-4-9 22:06:56]  Checking for scriptOutput.17
[2013-4-9 22:06:56]  Sending scriptOutput.17
[2013-4-9 22:06:56]  Sent 422 bytes.
[2013-4-9 22:06:56]  Thread launch result = 0
[2013-4-9 22:06:56]  Waiting for inbound request.
[2013-4-9 22:06:56]  Received inbound request from 192.168.1.1
[2013-4-9 22:06:56]  Socket numbr = 14
GET /snapshot/snapshot.jpeg HTTP/1.1
Host: 68.104.234.48:8077
Referer: http://68.104.234.48:8077/snapshot.cgi
Accept-Encoding: gzip, deflate
Accept: */*
Accept-Language: en-us
Connection: keep-alive
User-Agent: Mozilla/5.0 (iPhone; CPU iPhone OS 6_1_2 like Mac OS X) AppleWebKit/536.26 (KHTML, like Gecko) Version/6.0 Mobile/10B146 Safari/8536.25


[2013-4-9 22:06:56]  (357 bytes)
[2013-4-9 22:06:56]  Checking for web/snapshot/snapshot.jpeg
[2013-4-9 22:06:56]  Sending web/snapshot/snapshot.jpeg
[2013-4-9 22:06:56]  Sent 25183 bytes.
[2013-4-9 22:07:01]  Thread launch result = 0
[2013-4-9 22:07:01]  Waiting for inbound request.
[2013-4-9 22:07:01]  Received inbound request from 192.168.1.1
[2013-4-9 22:07:01]  Socket numbr = 15
GET /snapshot.cgi HTTP/1.1
Host: 68.104.234.48:8077
Referer: http://68.104.234.48:8077/snapshot.cgi
Accept-Encoding: gzip, deflate
Accept: text/html,application/xhtml+xml,application/xml;q=0.9,*/*;q=0.8
Accept-Language: en-us
Connection: keep-alive
User-Agent: Mozilla/5.0 (iPhone; CPU iPhone OS 6_1_2 like Mac OS X) AppleWebKit/536.26 (KHTML, like Gecko) Version/6.0 Mobile/10B146 Safari/8536.25


[2013-4-9 22:07:01]  (407 bytes)
[2013-4-9 22:07:01]  Invoking: 'cgi-bin/snapshot.cgi >> scriptOutput.15'.
[2013-4-9 22:07:07]  Return value = 0
[2013-4-9 22:07:07]  Checking for scriptOutput.15
[2013-4-9 22:07:07]  Sending scriptOutput.15
[2013-4-9 22:07:07]  Sent 422 bytes.
[2013-4-9 22:07:07]  Thread launch result = 0
[2013-4-9 22:07:07]  Waiting for inbound request.
[2013-4-9 22:07:07]  Received inbound request from 192.168.1.1
[2013-4-9 22:07:07]  Socket numbr = 14
GET /snapshot/snapshot.jpeg HTTP/1.1
Host: 68.104.234.48:8077
Referer: http://68.104.234.48:8077/snapshot.cgi
Accept-Encoding: gzip, deflate
Accept: */*
Accept-Language: en-us
Connection: keep-alive
User-Agent: Mozilla/5.0 (iPhone; CPU iPhone OS 6_1_2 like Mac OS X) AppleWebKit/536.26 (KHTML, like Gecko) Version/6.0 Mobile/10B146 Safari/8536.25


[2013-4-9 22:07:07]  (357 bytes)
[2013-4-9 22:07:07]  Checking for web/snapshot/snapshot.jpeg
[2013-4-9 22:07:07]  Sending web/snapshot/snapshot.jpeg
[2013-4-9 22:07:07]  Sent 23863 bytes.
[2013-4-9 22:07:11]  Thread launch result = 0
[2013-4-9 22:07:11]  Waiting for inbound request.
[2013-4-9 22:07:11]  Received inbound request from 192.168.1.1
[2013-4-9 22:07:11]  Socket numbr = 15
GET /snapshot.cgi HTTP/1.1
Host: 68.104.234.48:8077
Referer: http://68.104.234.48:8077/snapshot.cgi
Accept-Encoding: gzip, deflate
Accept: text/html,application/xhtml+xml,application/xml;q=0.9,*/*;q=0.8
Accept-Language: en-us
Connection: keep-alive
User-Agent: Mozilla/5.0 (iPhone; CPU iPhone OS 6_1_2 like Mac OS X) AppleWebKit/536.26 (KHTML, like Gecko) Version/6.0 Mobile/10B146 Safari/8536.25


[2013-4-9 22:07:11]  (407 bytes)
[2013-4-9 22:07:11]  Invoking: 'cgi-bin/snapshot.cgi >> scriptOutput.15'.
[2013-4-9 22:07:18]  Return value = 0
[2013-4-9 22:07:18]  Checking for scriptOutput.15
[2013-4-9 22:07:18]  Sending scriptOutput.15
[2013-4-9 22:07:18]  Sent 422 bytes.
[2013-4-9 22:07:18]  Thread launch result = 0
[2013-4-9 22:07:18]  Waiting for inbound request.
[2013-4-9 22:07:18]  Received inbound request from 192.168.1.1
[2013-4-9 22:07:18]  Socket numbr = 14
GET /snapshot/snapshot.jpeg HTTP/1.1
Host: 68.104.234.48:8077
Referer: http://68.104.234.48:8077/snapshot.cgi
Accept-Encoding: gzip, deflate
Accept: */*
Accept-Language: en-us
Connection: keep-alive
User-Agent: Mozilla/5.0 (iPhone; CPU iPhone OS 6_1_2 like Mac OS X) AppleWebKit/536.26 (KHTML, like Gecko) Version/6.0 Mobile/10B146 Safari/8536.25


[2013-4-9 22:07:18]  (357 bytes)
[2013-4-9 22:07:18]  Checking for web/snapshot/snapshot.jpeg
[2013-4-9 22:07:18]  Sending web/snapshot/snapshot.jpeg
[2013-4-9 22:07:18]  Sent 54204 bytes.
[2013-4-9 22:07:26]  Thread launch result = 0
[2013-4-9 22:07:26]  Waiting for inbound request.
[2013-4-9 22:07:26]  Received inbound request from 192.168.1.1
[2013-4-9 22:07:26]  Socket numbr = 15
GET /index.html HTTP/1.1
Host: 68.104.234.48:8077
Referer: http://68.104.234.48:8077/snapshot.cgi
Accept-Encoding: gzip, deflate
Accept: text/html,application/xhtml+xml,application/xml;q=0.9,*/*;q=0.8
Accept-Language: en-us
Connection: keep-alive
User-Agent: Mozilla/5.0 (iPhone; CPU iPhone OS 6_1_2 like Mac OS X) AppleWebKit/536.26 (KHTML, like Gecko) Version/6.0 Mobile/10B146 Safari/8536.25


[2013-4-9 22:07:26]  (405 bytes)
[2013-4-9 22:07:26]  Checking for web/index.html
[2013-4-9 22:07:26]  Sending web/index.html
[2013-4-9 22:07:26]  Sent 930 bytes.
[2013-4-9 22:07:26]  Thread launch result = 0
[2013-4-9 22:07:26]  Waiting for inbound request.
[2013-4-9 22:07:26]  Received inbound request from 192.168.1.1
[2013-4-9 22:07:26]  Socket numbr = 14
[2013-4-9 22:07:26]  Thread launch result = 0
[2013-4-9 22:07:26]  Waiting for inbound request.
GET /piLogo.png HTTP/1.1
Host: 68.104.234.48:8077
Referer: http://68.104.234.48:8077/index.html
Accept-Encoding: gzip, deflate
Accept: */*
Accept-Language: en-us
Connection: keep-alive
User-Agent: Mozilla/5.0 (iPhone; CPU iPhone OS 6_1_2 like Mac OS X) AppleWebKit/536.26 (KHTML, like Gecko) Version/6.0 Mobile/10B146 Safari/8536.25


[2013-4-9 22:07:26]  (343 bytes)
[2013-4-9 22:07:26]  Checking for web/piLogo.png
[2013-4-9 22:07:26]  Received inbound request from 192.168.1.1
[2013-4-9 22:07:26]  Sending web/piLogo.png
[2013-4-9 22:07:26]  Sent 3277 bytes.
[2013-4-9 22:07:26]  Socket numbr = 15
GET /BigMap.png HTTP/1.1
Host: 68.104.234.48:8077
Referer: http://68.104.234.48:8077/index.html
Accept-Encoding: gzip, deflate
Accept: */*
Accept-Language: en-us
Connection: keep-alive
User-Agent: Mozilla/5.0 (iPhone; CPU iPhone OS 6_1_2 like Mac OS X) AppleWebKit/536.26 (KHTML, like Gecko) Version/6.0 Mobile/10B146 Safari/8536.25


[2013-4-9 22:07:26]  (343 bytes)
[2013-4-9 22:07:26]  Checking for web/BigMap.png
[2013-4-9 22:07:26]  Sending web/BigMap.png
[2013-4-9 22:07:27]  Sent 100832 bytes.
[2013-4-9 22:07:31]  Thread launch result = 0
[2013-4-9 22:07:31]  Waiting for inbound request.
[2013-4-9 22:07:31]  Received inbound request from 192.168.1.1
[2013-4-9 22:07:31]  Socket numbr = 16
GET /cgiScripts.html HTTP/1.1
Host: 68.104.234.48:8077
Referer: http://68.104.234.48:8077/index.html
Accept-Encoding: gzip, deflate
Accept: text/html,application/xhtml+xml,application/xml;q=0.9,*/*;q=0.8
Accept-Language: en-us
Connection: keep-alive
User-Agent: Mozilla/5.0 (iPhone; CPU iPhone OS 6_1_2 like Mac OS X) AppleWebKit/536.26 (KHTML, like Gecko) Version/6.0 Mobile/10B146 Safari/8536.25


[2013-4-9 22:07:36]  (408 bytes)
[2013-4-9 22:07:36]  Checking for web/cgiScripts.html
[2013-4-9 22:07:36]  Sending web/cgiScripts.html
[2013-4-9 22:07:36]  Sent 1398 bytes.
[2013-4-9 22:07:36]  Thread launch result = 0
[2013-4-9 22:07:36]  Waiting for inbound request.
[2013-4-9 22:07:36]  Thread launch result = 0
[2013-4-9 22:07:36]  Waiting for inbound request.
[2013-4-9 22:07:36]  Received inbound request from 192.168.1.1
[2013-4-9 22:07:36]  Socket numbr = 15
[2013-4-9 22:07:36]  Received inbound request from 192.168.1.1
[2013-4-9 22:07:36]  Socket numbr = 14
[2013-4-9 22:07:36]  Thread launch result = 0
[2013-4-9 22:07:36]  Waiting for inbound request.
GET /snapshot/snapshot.jpeg HTTP/1.1
Host: 68.104.234.48:8077
Referer: http://68.104.234.48:8077/cgiScripts.html
Accept-Encoding: gzip, deflate
Accept: */*
Accept-Language: en-us
Connection: keep-alive
User-Agent: Mozilla/5.0 (iPhone; CPU iPhone OS 6_1_2 like Mac OS X) AppleWebKit/536.26 (KHTML, like Gecko) Version/6.0 Mobile/10B146 Safari/8536.25


GET /piLogo.png HTTP/1.1
Host: 68.104.234.48:8077
Referer: http://68.104.234.48:8077/cgiScripts.html
Accept-Encoding: gzip, deflate
Accept: */*
Accept-Language: en-us
Connection: keep-alive
User-Agent: Mozilla/5.0 (iPhone; CPU iPhone OS 6_1_2 like Mac OS X) AppleWebKit/536.26 (KHTML, like Gecko) Version/6.0 Mobile/10B146 Safari/8536.25


[2013-4-9 22:07:36]  (360 bytes)
[2013-4-9 22:07:36]  Checking for web/snapshot/snapshot.jpeg
[2013-4-9 22:07:36]  Received inbound request from 192.168.1.1
[2013-4-9 22:07:36]  (348 bytes)
[2013-4-9 22:07:36]  Sending web/snapshot/snapshot.jpeg
[2013-4-9 22:07:36]  Socket numbr = 16
GET /snapshot/snapshotx3.jpeg HTTP/1.1
Host: 68.104.234.48:8077
Referer: http://68.104.234.48:8077/cgiScripts.html
Accept-Encoding: gzip, deflate
Accept: */*
Accept-Language: en-us
Connection: keep-alive
User-Agent: Mozilla/5.0 (iPhone; CPU iPhone OS 6_1_2 like Mac OS X) AppleWebKit/536.26 (KHTML, like Gecko) Version/6.0 Mobile/10B146 Safari/8536.25


[2013-4-9 22:07:36]  (362 bytes)
[2013-4-9 22:07:37]  Sent 54204 bytes.
[2013-4-9 22:07:37]  Checking for web/piLogo.png
[2013-4-9 22:07:37]  Sending web/piLogo.png
[2013-4-9 22:07:37]  Sent 3277 bytes.
[2013-4-9 22:07:37]  Checking for web/snapshot/snapshotx3.jpeg
[2013-4-9 22:07:37]  Sending web/snapshot/snapshotx3.jpeg
[2013-4-9 22:07:37]  Sent 36271 bytes.
[2013-4-11 13:31:00]  ******************
[2013-4-11 13:31:00]  ** OliWeb 0.1.7 **
[2013-4-11 13:31:00]  ******************
[2013-4-11 13:31:00]  Opening OliWebConfig.xml
[2013-4-11 13:31:00]  Parsing XML (tinyxml2)
[2013-4-11 13:31:00]  Errorcode = 0
[2013-4-11 13:31:00]  Reading configuration parameters
[2013-4-11 13:31:00]  PortNumber = 8077
[2013-4-11 13:31:00]  RootFileDirectory = web
[2013-4-11 13:31:00]  DefaultFileName = index.html
[2013-4-11 13:31:00]  FileNotFoundPage = oops404.html
[2013-4-11 13:31:00]  ScriptDirectory = cgi-bin
[2013-4-11 13:31:00]  Opening port 8077
[2013-4-11 13:31:01]  Listening on port 8077...
[2013-4-11 13:31:01]  Waiting for inbound request.
[2013-4-11 13:31:05]  ******************
[2013-4-11 13:31:05]  ** OliWeb 0.1.7 **
[2013-4-11 13:31:05]  ******************
[2013-4-11 13:31:05]  Opening OliWebConfig.xml
[2013-4-11 13:31:05]  Parsing XML (tinyxml2)
[2013-4-11 13:31:05]  Errorcode = 0
[2013-4-11 13:31:05]  Reading configuration parameters
[2013-4-11 13:31:05]  PortNumber = 8077
[2013-4-11 13:31:05]  RootFileDirectory = web
[2013-4-11 13:31:05]  DefaultFileName = index.html
[2013-4-11 13:31:05]  FileNotFoundPage = oops404.html
[2013-4-11 13:31:05]  ScriptDirectory = cgi-bin
[2013-4-11 13:31:05]  Opening port 8077
[2013-4-11 13:31:05]  Listening on port 8077...
[2013-4-11 13:31:05]  Waiting for inbound request.
[2013-4-16 20:34:34]  ******************
[2013-4-16 20:34:34]  ** OliWeb 0.1.7 **
[2013-4-16 20:34:34]  ******************
[2013-4-16 20:34:34]  Opening OliWebConfig.xml
[2013-4-16 20:34:34]  Parsing XML (tinyxml2)
[2013-4-16 20:34:34]  Errorcode = 0
[2013-4-16 20:34:34]  Reading configuration parameters
[2013-4-16 20:34:34]  PortNumber = 8077
[2013-4-16 20:34:34]  RootFileDirectory = web
[2013-4-16 20:34:34]  DefaultFileName = index.html
[2013-4-16 20:34:34]  FileNotFoundPage = oops404.html
[2013-4-16 20:34:34]  ScriptDirectory = cgi-bin
[2013-4-16 20:34:34]  Opening port 8077
[2013-4-16 20:34:34]  Listening on port 8077...
[2013-4-16 20:34:34]  Waiting for inbound request.
[2013-4-16 20:34:44]  Thread launch result = 0
[2013-4-16 20:34:44]  Waiting for inbound request.
[2013-4-16 20:34:44]  Received inbound request from 192.168.1.1
[2013-4-16 20:34:44]  Socket numbr = 5
GET /index.html HTTP/1.1
Host: 68.104.234.48:8077
User-Agent: Mozilla/5.0 (Macintosh; Intel Mac OS X 10_7_5) AppleWebKit/536.28.10 (KHTML, like Gecko) Version/6.0.3 Safari/536.28.10
Accept: text/html,application/xhtml+xml,application/xml;q=0.9,*/*;q=0.8
Cache-Control: max-age=0
Referer: http://68.104.234.48:8077/ThisLinkDoesNot.Exist
Accept-Language: en-us
Accept-Encoding: gzip, deflate
Connection: keep-alive


[2013-4-16 20:34:44]  (424 bytes)
[2013-4-16 20:34:44]  Checking for web/index.html
[2013-4-16 20:34:44]  Sending web/index.html
[2013-4-16 20:34:44]  Sent 930 bytes.
[2013-4-16 20:34:44]  Thread launch result = 0
[2013-4-16 20:34:44]  Waiting for inbound request.
[2013-4-16 20:34:44]  Thread launch result = 0
[2013-4-16 20:34:44]  Waiting for inbound request.
[2013-4-16 20:34:44]  Received inbound request from 192.168.1.1
[2013-4-16 20:34:44]  Socket numbr = 5
GET /BigMap.png HTTP/1.1
Host: 68.104.234.48:8077
User-Agent: Mozilla/5.0 (Macintosh; Intel Mac OS X 10_7_5) AppleWebKit/536.28.10 (KHTML, like Gecko) Version/6.0.3 Safari/536.28.10
Accept: */*
Referer: http://68.104.234.48:8077/index.html
Accept-Language: en-us
Accept-Encoding: gzip, deflate
Connection: keep-alive


[2013-4-16 20:34:44]  Received inbound request from 192.168.1.1
[2013-4-16 20:34:44]  (327 bytes)
[2013-4-16 20:34:44]  Checking for web/BigMap.png
[2013-4-16 20:34:44]  Socket numbr = 6
GET /piLogo.png HTTP/1.1
Host: 68.104.234.48:8077
User-Agent: Mozilla/5.0 (Macintosh; Intel Mac OS X 10_7_5) AppleWebKit/536.28.10 (KHTML, like Gecko) Version/6.0.3 Safari/536.28.10
Accept: */*
Referer: http://68.104.234.48:8077/index.html
Accept-Language: en-us
Accept-Encoding: gzip, deflate
Connection: keep-alive


[2013-4-16 20:34:44]  (327 bytes)
[2013-4-16 20:34:44]  Sending web/BigMap.png
[2013-4-16 20:34:44]  Sent 100832 bytes.
[2013-4-16 20:34:44]  Checking for web/piLogo.png
[2013-4-16 20:34:44]  Sending web/piLogo.png
[2013-4-16 20:34:44]  Sent 3277 bytes.
[2013-4-16 20:34:47]  Thread launch result = 0
[2013-4-16 20:34:47]  Waiting for inbound request.
[2013-4-16 20:34:47]  Received inbound request from 192.168.1.1
[2013-4-16 20:34:47]  Socket numbr = 7
GET /cgiScripts.html HTTP/1.1
Host: 68.104.234.48:8077
User-Agent: Mozilla/5.0 (Macintosh; Intel Mac OS X 10_7_5) AppleWebKit/536.28.10 (KHTML, like Gecko) Version/6.0.3 Safari/536.28.10
Accept: text/html,application/xhtml+xml,application/xml;q=0.9,*/*;q=0.8
Referer: http://68.104.234.48:8077/index.html
Accept-Language: en-us
Accept-Encoding: gzip, deflate
Connection: keep-alive


[2013-4-16 20:34:47]  (392 bytes)
[2013-4-16 20:34:47]  Checking for web/cgiScripts.html
[2013-4-16 20:34:47]  Sending web/cgiScripts.html
[2013-4-16 20:34:47]  Sent 1398 bytes.
[2013-4-16 20:34:47]  Thread launch result = 0
[2013-4-16 20:34:47]  Waiting for inbound request.
[2013-4-16 20:34:47]  Received inbound request from 192.168.1.1
[2013-4-16 20:34:47]  Thread launch result = 0
[2013-4-16 20:34:47]  Waiting for inbound request.
[2013-4-16 20:34:47]  Socket numbr = 5
[2013-4-16 20:34:47]  Thread launch result = 0
[2013-4-16 20:34:47]  Waiting for inbound request.
GET /piLogo.png HTTP/1.1
Host: 68.104.234.48:8077
User-Agent: Mozilla/5.0 (Macintosh; Intel Mac OS X 10_7_5) AppleWebKit/536.28.10 (KHTML, like Gecko) Version/6.0.3 Safari/536.28.10
Accept: */*
Referer: http://68.104.234.48:8077/cgiScripts.html
Accept-Language: en-us
Accept-Encoding: gzip, deflate
Connection: keep-alive


[2013-4-16 20:34:47]  (332 bytes)
[2013-4-16 20:34:47]  Received inbound request from 192.168.1.1
[2013-4-16 20:34:47]  Received inbound request from 192.168.1.1
[2013-4-16 20:34:47]  Checking for web/piLogo.png
[2013-4-16 20:34:47]  Sending web/piLogo.png
[2013-4-16 20:34:47]  Socket numbr = 7
GET /snapshot/snapshotx3.jpeg HTTP/1.1
Host: 68.104.234.48:8077
User-Agent: Mozilla/5.0 (Macintosh; Intel Mac OS X 10_7_5) AppleWebKit/536.28.10 (KHTML, like Gecko) Version/6.0.3 Safari/536.28.10
Accept: */*
Referer: http://68.104.234.48:8077/cgiScripts.html
Accept-Language: en-us
Accept-Encoding: gzip, deflate
Connection: keep-alive


[2013-4-16 20:34:47]  Socket numbr = 6
GET /snapshot/snapshot.jpeg HTTP/1.1
Host: 68.104.234.48:8077
User-Agent: Mozilla/5.0 (Macintosh; Intel Mac OS X 10_7_5) AppleWebKit/536.28.10 (KHTML, like Gecko) Version/6.0.3 Safari/536.28.10
Accept: */*
Referer: http://68.104.234.48:8077/cgiScripts.html
Accept-Language: en-us
Accept-Encoding: gzip, deflate
Connection: keep-alive


[2013-4-16 20:34:47]  (344 bytes)
[2013-4-16 20:34:47]  (346 bytes)
[2013-4-16 20:34:47]  Sent 3277 bytes.
[2013-4-16 20:34:47]  Checking for web/snapshot/snapshot.jpeg
[2013-4-16 20:34:47]  Sending web/snapshot/snapshot.jpeg
[2013-4-16 20:34:48]  Sent 54204 bytes.
[2013-4-16 20:34:48]  Checking for web/snapshot/snapshotx3.jpeg
[2013-4-16 20:34:48]  Sending web/snapshot/snapshotx3.jpeg
[2013-4-16 20:34:48]  Sent 36271 bytes.
[2013-4-16 20:35:23]  Thread launch result = 0
[2013-4-16 20:35:23]  Waiting for inbound request.
[2013-4-16 20:35:23]  Received inbound request from 192.168.1.1
[2013-4-16 20:35:23]  Socket numbr = 8
GET /snapshot.cgi HTTP/1.1
Host: 68.104.234.48:8077
User-Agent: Mozilla/5.0 (Macintosh; Intel Mac OS X 10_7_5) AppleWebKit/536.28.10 (KHTML, like Gecko) Version/6.0.3 Safari/536.28.10
Accept: text/html,application/xhtml+xml,application/xml;q=0.9,*/*;q=0.8
Referer: http://68.104.234.48:8077/cgiScripts.html
Accept-Language: en-us
Accept-Encoding: gzip, deflate
Connection: keep-alive


[2013-4-16 20:35:23]  (394 bytes)
[2013-4-16 20:35:23]  Invoking: 'cgi-bin/snapshot.cgi >> scriptOutput.8'.
[2013-4-16 20:35:28]  Return value = 0
[2013-4-16 20:35:28]  Checking for scriptOutput.8
[2013-4-16 20:35:28]  Sending scriptOutput.8
[2013-4-16 20:35:28]  Sent 422 bytes.
[2013-4-16 20:35:28]  Thread launch result = 0
[2013-4-16 20:35:28]  Waiting for inbound request.
[2013-4-16 20:35:28]  Received inbound request from 192.168.1.1
[2013-4-16 20:35:28]  Socket numbr = 5
GET /snapshot/snapshot.jpeg HTTP/1.1
Host: 68.104.234.48:8077
User-Agent: Mozilla/5.0 (Macintosh; Intel Mac OS X 10_7_5) AppleWebKit/536.28.10 (KHTML, like Gecko) Version/6.0.3 Safari/536.28.10
Accept: */*
Referer: http://68.104.234.48:8077/snapshot.cgi
Accept-Language: en-us
Accept-Encoding: gzip, deflate
Connection: keep-alive


[2013-4-16 20:35:28]  (341 bytes)
[2013-4-16 20:35:28]  Checking for web/snapshot/snapshot.jpeg
[2013-4-16 20:35:28]  Sending web/snapshot/snapshot.jpeg
[2013-4-16 20:35:29]  Sent 19186 bytes.
[2013-4-16 20:35:32]  Thread launch result = 0
[2013-4-16 20:35:32]  Waiting for inbound request.
[2013-4-16 20:35:32]  Received inbound request from 192.168.1.1
[2013-4-16 20:35:32]  Socket numbr = 6
GET /snapshot.cgi HTTP/1.1
Host: 68.104.234.48:8077
User-Agent: Mozilla/5.0 (Macintosh; Intel Mac OS X 10_7_5) AppleWebKit/536.28.10 (KHTML, like Gecko) Version/6.0.3 Safari/536.28.10
Accept: text/html,application/xhtml+xml,application/xml;q=0.9,*/*;q=0.8
Referer: http://68.104.234.48:8077/snapshot.cgi
Accept-Language: en-us
Accept-Encoding: gzip, deflate
Connection: keep-alive


[2013-4-16 20:35:32]  (391 bytes)
[2013-4-16 20:35:32]  Invoking: 'cgi-bin/snapshot.cgi >> scriptOutput.6'.
[2013-4-16 20:35:38]  Return value = 0
[2013-4-16 20:35:38]  Checking for scriptOutput.6
[2013-4-16 20:35:38]  Sending scriptOutput.6
[2013-4-16 20:35:38]  Sent 422 bytes.
[2013-4-16 20:35:38]  Thread launch result = 0
[2013-4-16 20:35:38]  Waiting for inbound request.
[2013-4-16 20:35:38]  Received inbound request from 192.168.1.1
[2013-4-16 20:35:38]  Socket numbr = 5
GET /snapshot/snapshot.jpeg HTTP/1.1
Host: 68.104.234.48:8077
User-Agent: Mozilla/5.0 (Macintosh; Intel Mac OS X 10_7_5) AppleWebKit/536.28.10 (KHTML, like Gecko) Version/6.0.3 Safari/536.28.10
Accept: */*
Referer: http://68.104.234.48:8077/snapshot.cgi
Accept-Language: en-us
Accept-Encoding: gzip, deflate
Connection: keep-alive


[2013-4-16 20:35:38]  (341 bytes)
[2013-4-16 20:35:38]  Checking for web/snapshot/snapshot.jpeg
[2013-4-16 20:35:38]  Sending web/snapshot/snapshot.jpeg
[2013-4-16 20:35:38]  Sent 19313 bytes.
[2013-4-16 20:35:43]  Thread launch result = 0
[2013-4-16 20:35:43]  Waiting for inbound request.
[2013-4-16 20:35:43]  Received inbound request from 192.168.1.1
[2013-4-16 20:35:43]  Socket numbr = 6
GET /snapshot.cgi HTTP/1.1
Host: 68.104.234.48:8077
User-Agent: Mozilla/5.0 (Macintosh; Intel Mac OS X 10_7_5) AppleWebKit/536.28.10 (KHTML, like Gecko) Version/6.0.3 Safari/536.28.10
Accept: text/html,application/xhtml+xml,application/xml;q=0.9,*/*;q=0.8
Referer: http://68.104.234.48:8077/snapshot.cgi
Accept-Language: en-us
Accept-Encoding: gzip, deflate
Connection: keep-alive


[2013-4-16 20:35:43]  (391 bytes)
[2013-4-16 20:35:43]  Invoking: 'cgi-bin/snapshot.cgi >> scriptOutput.6'.
[2013-4-16 20:35:49]  Return value = 0
[2013-4-16 20:35:49]  Checking for scriptOutput.6
[2013-4-16 20:35:49]  Sending scriptOutput.6
[2013-4-16 20:35:49]  Sent 422 bytes.
[2013-4-16 20:35:49]  Thread launch result = 0
[2013-4-16 20:35:49]  Waiting for inbound request.
[2013-4-16 20:35:49]  Received inbound request from 192.168.1.1
[2013-4-16 20:35:49]  Socket numbr = 5
GET /snapshot/snapshot.jpeg HTTP/1.1
Host: 68.104.234.48:8077
User-Agent: Mozilla/5.0 (Macintosh; Intel Mac OS X 10_7_5) AppleWebKit/536.28.10 (KHTML, like Gecko) Version/6.0.3 Safari/536.28.10
Accept: */*
Referer: http://68.104.234.48:8077/snapshot.cgi
Accept-Language: en-us
Accept-Encoding: gzip, deflate
Connection: keep-alive


[2013-4-16 20:35:49]  (341 bytes)
[2013-4-16 20:35:49]  Checking for web/snapshot/snapshot.jpeg
[2013-4-16 20:35:49]  Sending web/snapshot/snapshot.jpeg
[2013-4-16 20:35:49]  Sent 19621 bytes.
[2013-4-16 20:36:47]  Thread launch result = 0
[2013-4-16 20:36:47]  Waiting for inbound request.
[2013-4-16 20:36:47]  Received inbound request from 192.168.1.1
[2013-4-16 20:36:47]  Socket numbr = 6
GET /snapshot.cgi HTTP/1.1
Host: 68.104.234.48:8077
User-Agent: Mozilla/5.0 (Macintosh; Intel Mac OS X 10_7_5) AppleWebKit/536.28.10 (KHTML, like Gecko) Version/6.0.3 Safari/536.28.10
Accept: text/html,application/xhtml+xml,application/xml;q=0.9,*/*;q=0.8
Referer: http://68.104.234.48:8077/snapshot.cgi
Accept-Language: en-us
Accept-Encoding: gzip, deflate
Connection: keep-alive


[2013-4-16 20:36:47]  (391 bytes)
[2013-4-16 20:36:47]  Invoking: 'cgi-bin/snapshot.cgi >> scriptOutput.6'.
[2013-4-16 20:36:53]  Return value = 0
[2013-4-16 20:36:53]  Checking for scriptOutput.6
[2013-4-16 20:36:53]  Sending scriptOutput.6
[2013-4-16 20:36:53]  Sent 422 bytes.
[2013-4-16 20:36:53]  Thread launch result = 0
[2013-4-16 20:36:53]  Waiting for inbound request.
[2013-4-16 20:36:53]  Received inbound request from 192.168.1.1
[2013-4-16 20:36:53]  Socket numbr = 5
GET /snapshot/snapshot.jpeg HTTP/1.1
Host: 68.104.234.48:8077
User-Agent: Mozilla/5.0 (Macintosh; Intel Mac OS X 10_7_5) AppleWebKit/536.28.10 (KHTML, like Gecko) Version/6.0.3 Safari/536.28.10
Accept: */*
Referer: http://68.104.234.48:8077/snapshot.cgi
Accept-Language: en-us
Accept-Encoding: gzip, deflate
Connection: keep-alive


[2013-4-16 20:36:53]  (341 bytes)
[2013-4-16 20:36:53]  Checking for web/snapshot/snapshot.jpeg
[2013-4-16 20:36:53]  Sending web/snapshot/snapshot.jpeg
[2013-4-16 20:36:53]  Sent 19405 bytes.
[2013-4-16 20:37:00]  Thread launch result = 0
[2013-4-16 20:37:00]  Waiting for inbound request.
[2013-4-16 20:37:00]  Received inbound request from 192.168.1.1
[2013-4-16 20:37:00]  Socket numbr = 6
GET /snapshot.cgi HTTP/1.1
Host: 68.104.234.48:8077
User-Agent: Mozilla/5.0 (Macintosh; Intel Mac OS X 10_7_5) AppleWebKit/536.28.10 (KHTML, like Gecko) Version/6.0.3 Safari/536.28.10
Accept: text/html,application/xhtml+xml,application/xml;q=0.9,*/*;q=0.8
Referer: http://68.104.234.48:8077/snapshot.cgi
Accept-Language: en-us
Accept-Encoding: gzip, deflate
Connection: keep-alive


[2013-4-16 20:37:00]  (391 bytes)
[2013-4-16 20:37:00]  Invoking: 'cgi-bin/snapshot.cgi >> scriptOutput.6'.
[2013-4-16 20:37:05]  Return value = 0
[2013-4-16 20:37:05]  Checking for scriptOutput.6
[2013-4-16 20:37:05]  Sending scriptOutput.6
[2013-4-16 20:37:05]  Sent 422 bytes.
[2013-4-16 20:37:06]  Thread launch result = 0
[2013-4-16 20:37:06]  Waiting for inbound request.
[2013-4-16 20:37:06]  Received inbound request from 192.168.1.1
[2013-4-16 20:37:06]  Socket numbr = 5
GET /snapshot/snapshot.jpeg HTTP/1.1
Host: 68.104.234.48:8077
User-Agent: Mozilla/5.0 (Macintosh; Intel Mac OS X 10_7_5) AppleWebKit/536.28.10 (KHTML, like Gecko) Version/6.0.3 Safari/536.28.10
Accept: */*
Referer: http://68.104.234.48:8077/snapshot.cgi
Accept-Language: en-us
Accept-Encoding: gzip, deflate
Connection: keep-alive


[2013-4-16 20:37:06]  (341 bytes)
[2013-4-16 20:37:06]  Checking for web/snapshot/snapshot.jpeg
[2013-4-16 20:37:06]  Sending web/snapshot/snapshot.jpeg
[2013-4-16 20:37:06]  Sent 19574 bytes.
[2013-4-16 20:37:08]  Thread launch result = 0
[2013-4-16 20:37:08]  Waiting for inbound request.
[2013-4-16 20:37:08]  Received inbound request from 192.168.1.1
[2013-4-16 20:37:08]  Socket numbr = 6
GET /snapshot.cgi HTTP/1.1
Host: 68.104.234.48:8077
User-Agent: Mozilla/5.0 (Macintosh; Intel Mac OS X 10_7_5) AppleWebKit/536.28.10 (KHTML, like Gecko) Version/6.0.3 Safari/536.28.10
Accept: text/html,application/xhtml+xml,application/xml;q=0.9,*/*;q=0.8
Referer: http://68.104.234.48:8077/snapshot.cgi
Accept-Language: en-us
Accept-Encoding: gzip, deflate
Connection: keep-alive


[2013-4-16 20:37:08]  (391 bytes)
[2013-4-16 20:37:08]  Invoking: 'cgi-bin/snapshot.cgi >> scriptOutput.6'.
[2013-4-16 20:37:14]  Return value = 0
[2013-4-16 20:37:14]  Checking for scriptOutput.6
[2013-4-16 20:37:14]  Sending scriptOutput.6
[2013-4-16 20:37:14]  Sent 422 bytes.
[2013-4-16 20:37:14]  Thread launch result = 0
[2013-4-16 20:37:14]  Waiting for inbound request.
[2013-4-16 20:37:14]  Received inbound request from 192.168.1.1
[2013-4-16 20:37:14]  Socket numbr = 5
GET /snapshot/snapshot.jpeg HTTP/1.1
Host: 68.104.234.48:8077
User-Agent: Mozilla/5.0 (Macintosh; Intel Mac OS X 10_7_5) AppleWebKit/536.28.10 (KHTML, like Gecko) Version/6.0.3 Safari/536.28.10
Accept: */*
Referer: http://68.104.234.48:8077/snapshot.cgi
Accept-Language: en-us
Accept-Encoding: gzip, deflate
Connection: keep-alive


[2013-4-16 20:37:14]  (341 bytes)
[2013-4-16 20:37:14]  Checking for web/snapshot/snapshot.jpeg
[2013-4-16 20:37:14]  Sending web/snapshot/snapshot.jpeg
[2013-4-16 20:37:14]  Sent 19129 bytes.
[2013-4-16 20:37:20]  Thread launch result = 0
[2013-4-16 20:37:20]  Waiting for inbound request.
[2013-4-16 20:37:20]  Received inbound request from 192.168.1.1
[2013-4-16 20:37:20]  Socket numbr = 6
GET /snapshot.cgi HTTP/1.1
Host: 68.104.234.48:8077
User-Agent: Mozilla/5.0 (Macintosh; Intel Mac OS X 10_7_5) AppleWebKit/536.28.10 (KHTML, like Gecko) Version/6.0.3 Safari/536.28.10
Accept: text/html,application/xhtml+xml,application/xml;q=0.9,*/*;q=0.8
Referer: http://68.104.234.48:8077/snapshot.cgi
Accept-Language: en-us
Accept-Encoding: gzip, deflate
Connection: keep-alive


[2013-4-16 20:37:20]  (391 bytes)
[2013-4-16 20:37:20]  Invoking: 'cgi-bin/snapshot.cgi >> scriptOutput.6'.
[2013-4-16 20:37:26]  Return value = 0
[2013-4-16 20:37:26]  Checking for scriptOutput.6
[2013-4-16 20:37:26]  Sending scriptOutput.6
[2013-4-16 20:37:26]  Sent 422 bytes.
[2013-4-16 20:37:26]  Thread launch result = 0
[2013-4-16 20:37:26]  Waiting for inbound request.
[2013-4-16 20:37:26]  Received inbound request from 192.168.1.1
[2013-4-16 20:37:26]  Socket numbr = 5
GET /snapshot/snapshot.jpeg HTTP/1.1
Host: 68.104.234.48:8077
User-Agent: Mozilla/5.0 (Macintosh; Intel Mac OS X 10_7_5) AppleWebKit/536.28.10 (KHTML, like Gecko) Version/6.0.3 Safari/536.28.10
Accept: */*
Referer: http://68.104.234.48:8077/snapshot.cgi
Accept-Language: en-us
Accept-Encoding: gzip, deflate
Connection: keep-alive


[2013-4-16 20:37:26]  (341 bytes)
[2013-4-16 20:37:26]  Checking for web/snapshot/snapshot.jpeg
[2013-4-16 20:37:26]  Sending web/snapshot/snapshot.jpeg
[2013-4-16 20:37:26]  Sent 18152 bytes.
[2013-4-16 20:37:31]  Thread launch result = 0
[2013-4-16 20:37:31]  Waiting for inbound request.
[2013-4-16 20:37:31]  Received inbound request from 192.168.1.1
[2013-4-16 20:37:31]  Socket numbr = 6
GET /index.html HTTP/1.1
Host: 68.104.234.48:8077
User-Agent: Mozilla/5.0 (Macintosh; Intel Mac OS X 10_7_5) AppleWebKit/536.28.10 (KHTML, like Gecko) Version/6.0.3 Safari/536.28.10
Accept: text/html,application/xhtml+xml,application/xml;q=0.9,*/*;q=0.8
Referer: http://68.104.234.48:8077/snapshot.cgi
Accept-Language: en-us
Accept-Encoding: gzip, deflate
Connection: keep-alive


[2013-4-16 20:37:31]  (389 bytes)
[2013-4-16 20:37:31]  Checking for web/index.html
[2013-4-16 20:37:31]  Sending web/index.html
[2013-4-16 20:37:31]  Sent 930 bytes.
[2013-4-16 20:37:31]  Thread launch result = 0
[2013-4-16 20:37:31]  Waiting for inbound request.
[2013-4-16 20:37:31]  Thread launch result = 0
[2013-4-16 20:37:31]  Waiting for inbound request.
[2013-4-16 20:37:31]  Received inbound request from 192.168.1.1
[2013-4-16 20:37:31]  Socket numbr = 6
GET /BigMap.png HTTP/1.1
Host: 68.104.234.48:8077
User-Agent: Mozilla/5.0 (Macintosh; Intel Mac OS X 10_7_5) AppleWebKit/536.28.10 (KHTML, like Gecko) Version/6.0.3 Safari/536.28.10
Accept: */*
Referer: http://68.104.234.48:8077/index.html
Accept-Language: en-us
Accept-Encoding: gzip, deflate
Connection: keep-alive


[2013-4-16 20:37:31]  (327 bytes)
[2013-4-16 20:37:31]  Received inbound request from 192.168.1.1
[2013-4-16 20:37:31]  Checking for web/BigMap.png
[2013-4-16 20:37:31]  Sending web/BigMap.png
[2013-4-16 20:37:31]  Socket numbr = 5
GET /piLogo.png HTTP/1.1
Host: 68.104.234.48:8077
User-Agent: Mozilla/5.0 (Macintosh; Intel Mac OS X 10_7_5) AppleWebKit/536.28.10 (KHTML, like Gecko) Version/6.0.3 Safari/536.28.10
Accept: */*
Referer: http://68.104.234.48:8077/index.html
Accept-Language: en-us
Accept-Encoding: gzip, deflate
Connection: keep-alive


[2013-4-16 20:37:31]  (327 bytes)
[2013-4-16 20:37:31]  Sent 100832 bytes.
[2013-4-16 20:37:31]  Checking for web/piLogo.png
[2013-4-16 20:37:31]  Sending web/piLogo.png
[2013-4-16 20:37:31]  Sent 3277 bytes.
[2013-4-16 20:37:37]  Thread launch result = 0
[2013-4-16 20:37:37]  Waiting for inbound request.
[2013-4-16 20:37:37]  Received inbound request from 192.168.1.1
[2013-4-16 20:37:37]  Socket numbr = 7
GET /ShowWebLog.cgi HTTP/1.1
Host: 68.104.234.48:8077
User-Agent: Mozilla/5.0 (Macintosh; Intel Mac OS X 10_7_5) AppleWebKit/536.28.10 (KHTML, like Gecko) Version/6.0.3 Safari/536.28.10
Accept: text/html,application/xhtml+xml,application/xml;q=0.9,*/*;q=0.8
Referer: http://68.104.234.48:8077/index.html
Accept-Language: en-us
Accept-Encoding: gzip, deflate
Connection: keep-alive


[2013-4-16 20:37:37]  (391 bytes)
[2013-4-16 20:37:37]  Invoking: 'cgi-bin/ShowWebLog.cgi >> scriptOutput.7'.
[2013-4-16 20:37:37]  Return value = 0
[2013-4-16 20:37:37]  Checking for scriptOutput.7
[2013-4-16 20:37:37]  Sending scriptOutput.7
[2013-4-16 20:37:37]  Sent 10423 bytes.
[2013-4-17 15:20:21]  Thread launch result = 0
[2013-4-17 15:20:21]  Waiting for inbound request.
[2013-4-17 15:20:21]  Received inbound request from 107.16.79.147
[2013-4-17 15:20:21]  Socket numbr = 5
GET /index.html HTTP/1.1
Host: 68.104.234.48:8077
User-Agent: Mozilla/5.0 (Macintosh; Intel Mac OS X 10_7_5) AppleWebKit/536.28.10 (KHTML, like Gecko) Version/6.0.3 Safari/536.28.10
Accept: text/html,application/xhtml+xml,application/xml;q=0.9,*/*;q=0.8
Referer: http://68.104.234.48:8077/snapshot.cgi
Accept-Language: en-us
Accept-Encoding: gzip, deflate
Connection: keep-alive


[2013-4-17 15:20:21]  (389 bytes)
[2013-4-17 15:20:21]  Checking for web/index.html
[2013-4-17 15:20:21]  Sending web/index.html
[2013-4-17 15:20:21]  Sent 930 bytes.
[2013-4-17 15:20:21]  Thread launch result = 0
[2013-4-17 15:20:21]  Waiting for inbound request.
[2013-4-17 15:20:21]  Thread launch result = 0
[2013-4-17 15:20:21]  Waiting for inbound request.
[2013-4-17 15:20:21]  Received inbound request from 107.16.79.147
[2013-4-17 15:20:21]  Socket numbr = 5
GET /BigMap.png HTTP/1.1
Host: 68.104.234.48:8077
User-Agent: Mozilla/5.0 (Macintosh; Intel Mac OS X 10_7_5) AppleWebKit/536.28.10 (KHTML, like Gecko) Version/6.0.3 Safari/536.28.10
Accept: */*
Referer: http://68.104.234.48:8077/index.html
Accept-Language: en-us
Accept-Encoding: gzip, deflate
Connection: keep-alive


[2013-4-17 15:20:21]  (327 bytes)
[2013-4-17 15:20:21]  Checking for web/BigMap.png
[2013-4-17 15:20:21]  Sending web/BigMap.png
[2013-4-17 15:20:21]  Received inbound request from 107.16.79.147
[2013-4-17 15:20:21]  Socket numbr = 6
GET /piLogo.png HTTP/1.1
Host: 68.104.234.48:8077
User-Agent: Mozilla/5.0 (Macintosh; Intel Mac OS X 10_7_5) AppleWebKit/536.28.10 (KHTML, like Gecko) Version/6.0.3 Safari/536.28.10
Accept: */*
Referer: http://68.104.234.48:8077/index.html
Accept-Language: en-us
Accept-Encoding: gzip, deflate
Connection: keep-alive


[2013-4-17 15:20:21]  (327 bytes)
[2013-4-17 15:20:21]  Sent 100832 bytes.
[2013-4-17 15:20:21]  Checking for web/piLogo.png
[2013-4-17 15:20:21]  Sending web/piLogo.png
[2013-4-17 15:20:21]  Sent 3277 bytes.
[2013-4-17 15:20:25]  Thread launch result = 0
[2013-4-17 15:20:25]  Waiting for inbound request.
[2013-4-17 15:20:25]  Received inbound request from 107.16.79.147
[2013-4-17 15:20:25]  Socket numbr = 7
GET /cgiScripts.html HTTP/1.1
Host: 68.104.234.48:8077
User-Agent: Mozilla/5.0 (Macintosh; Intel Mac OS X 10_7_5) AppleWebKit/536.28.10 (KHTML, like Gecko) Version/6.0.3 Safari/536.28.10
Accept: text/html,application/xhtml+xml,application/xml;q=0.9,*/*;q=0.8
Referer: http://68.104.234.48:8077/index.html
Accept-Language: en-us
Accept-Encoding: gzip, deflate
Connection: keep-alive


[2013-4-17 15:20:25]  (392 bytes)
[2013-4-17 15:20:25]  Checking for web/cgiScripts.html
[2013-4-17 15:20:25]  Sending web/cgiScripts.html
[2013-4-17 15:20:25]  Sent 1398 bytes.
[2013-4-17 15:20:26]  Thread launch result = 0
[2013-4-17 15:20:26]  Waiting for inbound request.
[2013-4-17 15:20:26]  Thread launch result = 0
[2013-4-17 15:20:26]  Waiting for inbound request.
[2013-4-17 15:20:26]  Thread launch result = 0
[2013-4-17 15:20:26]  Waiting for inbound request.
[2013-4-17 15:20:26]  Received inbound request from 107.16.79.147
[2013-4-17 15:20:26]  Socket numbr = 7
GET /snapshot/snapshotx3.jpeg HTTP/1.1
Host: 68.104.234.48:8077
User-Agent: Mozilla/5.0 (Macintosh; Intel Mac OS X 10_7_5) AppleWebKit/536.28.10 (KHTML, like Gecko) Version/6.0.3 Safari/536.28.10
Accept: */*
Referer: http://68.104.234.48:8077/cgiScripts.html
Accept-Language: en-us
Accept-Encoding: gzip, deflate
Connection: keep-alive


[2013-4-17 15:20:26]  (346 bytes)
[2013-4-17 15:20:26]  Checking for web/snapshot/snapshotx3.jpeg
[2013-4-17 15:20:26]  Sending web/snapshot/snapshotx3.jpeg
[2013-4-17 15:20:26]  Received inbound request from 107.16.79.147
[2013-4-17 15:20:26]  Socket numbr = 6
GET /snapshot/snapshot.jpeg HTTP/1.1
Host: 68.104.234.48:8077
User-Agent: Mozilla/5.0 (Macintosh; Intel Mac OS X 10_7_5) AppleWebKit/536.28.10 (KHTML, like Gecko) Version/6.0.3 Safari/536.28.10
Accept: */*
Referer: http://68.104.234.48:8077/cgiScripts.html
Accept-Language: en-us
Accept-Encoding: gzip, deflate
Connection: keep-alive


[2013-4-17 15:20:26]  (344 bytes)
[2013-4-17 15:20:26]  Received inbound request from 107.16.79.147
[2013-4-17 15:20:26]  Socket numbr = 5
GET /piLogo.png HTTP/1.1
Host: 68.104.234.48:8077
User-Agent: Mozilla/5.0 (Macintosh; Intel Mac OS X 10_7_5) AppleWebKit/536.28.10 (KHTML, like Gecko) Version/6.0.3 Safari/536.28.10
Accept: */*
Referer: http://68.104.234.48:8077/cgiScripts.html
Accept-Language: en-us
Accept-Encoding: gzip, deflate
Connection: keep-alive


[2013-4-17 15:20:26]  (332 bytes)
[2013-4-17 15:20:26]  Sent 36271 bytes.
[2013-4-17 15:20:26]  Checking for web/snapshot/snapshot.jpeg
[2013-4-17 15:20:26]  Sending web/snapshot/snapshot.jpeg
[2013-4-17 15:20:26]  Sent 18152 bytes.
[2013-4-17 15:20:26]  Checking for web/piLogo.png
[2013-4-17 15:20:26]  Sending web/piLogo.png
[2013-4-17 15:20:26]  Sent 3277 bytes.
[2013-4-17 16:42:49]  Thread launch result = 0
[2013-4-17 16:42:49]  Waiting for inbound request.
[2013-4-17 16:42:49]  Received inbound request from 198.228.194.146
[2013-4-17 16:42:49]  Socket numbr = 8
GET /index.html HTTP/1.1
Host: 68.104.234.48:8077
Connection: keep-alive
Accept-Encoding: gzip, deflate
User-Agent: Mozilla/5.0 (iPhone; CPU iPhone OS 6_1_2 like Mac OS X) AppleWebKit/536.26 (KHTML, like Gecko) Version/6.0 Mobile/10B146 Safari/8536.25
Accept-Language: en-us
Accept: text/html,application/xhtml+xml,application/xml;q=0.9,*/*;q=0.8


[2013-4-17 16:42:49]  (356 bytes)
[2013-4-17 16:42:49]  Checking for web/index.html
[2013-4-17 16:42:49]  Sending web/index.html
[2013-4-17 16:42:49]  Sent 930 bytes.
[2013-4-17 16:42:50]  Thread launch result = 0
[2013-4-17 16:42:50]  Waiting for inbound request.
[2013-4-17 16:42:50]  Received inbound request from 198.228.194.146
[2013-4-17 16:42:50]  Socket numbr = 5
[2013-4-17 16:42:50]  Thread launch result = 0
[2013-4-17 16:42:50]  Waiting for inbound request.
GET /BigMap.png HTTP/1.1
Host: 68.104.234.48:8077
Referer: http://68.104.234.48:8077/index.html
Accept-Encoding: gzip, deflate
Accept: */*
Accept-Language: en-us
Connection: keep-alive
User-Agent: Mozilla/5.0 (iPhone; CPU iPhone OS 6_1_2 like Mac OS X) AppleWebKit/536.26 (KHTML, like Gecko) Version/6.0 Mobile/10B146 Safari/8536.25


[2013-4-17 16:42:50]  (343 bytes)
[2013-4-17 16:42:50]  Checking for web/BigMap.png
[2013-4-17 16:42:50]  Sending web/BigMap.png
[2013-4-17 16:42:50]  Received inbound request from 198.228.194.146
[2013-4-17 16:42:50]  Socket numbr = 6
GET /piLogo.png HTTP/1.1
Host: 68.104.234.48:8077
Referer: http://68.104.234.48:8077/index.html
Accept-Encoding: gzip, deflate
Accept: */*
Accept-Language: en-us
Connection: keep-alive
User-Agent: Mozilla/5.0 (iPhone; CPU iPhone OS 6_1_2 like Mac OS X) AppleWebKit/536.26 (KHTML, like Gecko) Version/6.0 Mobile/10B146 Safari/8536.25


[2013-4-17 16:42:50]  (343 bytes)
[2013-4-17 16:42:51]  Sent 100832 bytes.
[2013-4-17 16:42:51]  Checking for web/piLogo.png
[2013-4-17 16:42:51]  Sending web/piLogo.png
[2013-4-17 16:42:51]  Sent 3277 bytes.
[2013-4-17 16:43:07]  Thread launch result = 0
[2013-4-17 16:43:07]  Waiting for inbound request.
[2013-4-17 16:43:07]  Received inbound request from 198.228.194.146
[2013-4-17 16:43:07]  Socket numbr = 7
GET /cgiScripts.html HTTP/1.1
Host: 68.104.234.48:8077
Referer: http://68.104.234.48:8077/index.html
Accept-Encoding: gzip, deflate
Accept: text/html,application/xhtml+xml,application/xml;q=0.9,*/*;q=0.8
Accept-Language: en-us
Connection: keep-alive
User-Agent: Mozilla/5.0 (iPhone; CPU iPhone OS 6_1_2 like Mac OS X) AppleWebKit/536.26 (KHTML, like Gecko) Version/6.0 Mobile/10B146 Safari/8536.25


[2013-4-17 16:43:08]  (408 bytes)
[2013-4-17 16:43:08]  Checking for web/cgiScripts.html
[2013-4-17 16:43:08]  Sending web/cgiScripts.html
[2013-4-17 16:43:08]  Sent 1398 bytes.
[2013-4-17 16:43:08]  Thread launch result = 0
[2013-4-17 16:43:08]  Waiting for inbound request.
[2013-4-17 16:43:08]  Thread launch result = 0
[2013-4-17 16:43:08]  Waiting for inbound request.
[2013-4-17 16:43:08]  Received inbound request from 198.228.194.146
[2013-4-17 16:43:08]  Socket numbr = 6
[2013-4-17 16:43:08]  Received inbound request from 198.228.194.146
[2013-4-17 16:43:08]  Socket numbr = 5
GET /snapshot/snapshot.jpeg HTTP/1.1
Host: 68.104.234.48:8077
Referer: http://68.104.234.48:8077/cgiScripts.html
Accept-Encoding: gzip, deflate
Accept: */*
Accept-Language: en-us
Connection: keep-alive
User-Agent: Mozilla/5.0 (iPhone; CPU iPhone OS 6_1_2 like Mac OS X) AppleWebKit/536.26 (KHTML, like Gecko) Version/6.0 Mobile/10B146 Safari/8536.25


[2013-4-17 16:43:08]  (360 bytes)
[2013-4-17 16:43:08]  Checking for web/snapshot/snapshot.jpeg
[2013-4-17 16:43:08]  Sending web/snapshot/snapshot.jpeg
[2013-4-17 16:43:08]  Thread launch result = 0
[2013-4-17 16:43:08]  Waiting for inbound request.
[2013-4-17 16:43:08]  Received inbound request from 198.228.194.146
[2013-4-17 16:43:08]  Socket numbr = 7
GET /piLogo.png HTTP/1.1
Host: 68.104.234.48:8077
Referer: http://68.104.234.48:8077/cgiScripts.html
Accept-Encoding: gzip, deflate
Accept: */*
Accept-Language: en-us
Connection: keep-alive
User-Agent: Mozilla/5.0 (iPhone; CPU iPhone OS 6_1_2 like Mac OS X) AppleWebKit/536.26 (KHTML, like Gecko) Version/6.0 Mobile/10B146 Safari/8536.25


[2013-4-17 16:43:08]  (348 bytes)
GET /snapshot/snapshotx3.jpeg HTTP/1.1
Host: 68.104.234.48:8077
Referer: http://68.104.234.48:8077/cgiScripts.html
Accept-Encoding: gzip, deflate
Accept: */*
Accept-Language: en-us
Connection: keep-alive
User-Agent: Mozilla/5.0 (iPhone; CPU iPhone OS 6_1_2 like Mac OS X) AppleWebKit/536.26 (KHTML, like Gecko) Version/6.0 Mobile/10B146 Safari/8536.25


[2013-4-17 16:43:08]  (362 bytes)
[2013-4-17 16:43:08]  Sent 18152 bytes.
[2013-4-17 16:43:08]  Checking for web/piLogo.png
[2013-4-17 16:43:08]  Sending web/piLogo.png
[2013-4-17 16:43:08]  Sent 3277 bytes.
[2013-4-17 16:43:08]  Checking for web/snapshot/snapshotx3.jpeg
[2013-4-17 16:43:08]  Sending web/snapshot/snapshotx3.jpeg
[2013-4-17 16:43:09]  Sent 36271 bytes.
[2013-4-17 16:43:15]  Thread launch result = 0
[2013-4-17 16:43:15]  Waiting for inbound request.
[2013-4-17 16:43:15]  Received inbound request from 198.228.194.146
[2013-4-17 16:43:15]  Socket numbr = 9
GET /lsMotion.cgi HTTP/1.1
Host: 68.104.234.48:8077
Referer: http://68.104.234.48:8077/cgiScripts.html
Accept-Encoding: gzip, deflate
Accept: text/html,application/xhtml+xml,application/xml;q=0.9,*/*;q=0.8
Accept-Language: en-us
Connection: keep-alive
User-Agent: Mozilla/5.0 (iPhone; CPU iPhone OS 6_1_2 like Mac OS X) AppleWebKit/536.26 (KHTML, like Gecko) Version/6.0 Mobile/10B146 Safari/8536.25


[2013-4-17 16:43:15]  (410 bytes)
[2013-4-17 16:43:15]  Invoking: 'cgi-bin/lsMotion.cgi >> scriptOutput.9'.
[2013-4-17 16:43:15]  Return value = 0
[2013-4-17 16:43:15]  Checking for scriptOutput.9
[2013-4-17 16:43:15]  Sending scriptOutput.9
[2013-4-17 16:43:15]  Sent 510 bytes.
[2013-4-18 6:37:34]  Thread launch result = 0
[2013-4-18 6:37:34]  Waiting for inbound request.
[2013-4-18 6:37:34]  Received inbound request from 68.230.50.74
[2013-4-18 6:37:34]  Socket numbr = 5
GET /cgiScripts.html HTTP/1.1
Host: 68.104.234.48:8077
Accept-Encoding: gzip, deflate
Accept: text/html,application/xhtml+xml,application/xml;q=0.9,*/*;q=0.8
Accept-Language: en-us
Connection: keep-alive
DNT: 1
User-Agent: Mozilla/5.0 (iPhone; CPU iPhone OS 6_1_2 like Mac OS X) AppleWebKit/536.26 (KHTML, like Gecko) Version/6.0 Mobile/10B146 Safari/8536.25


[2013-4-18 6:37:34]  (369 bytes)
[2013-4-18 6:37:34]  Checking for web/cgiScripts.html
[2013-4-18 6:37:34]  Sending web/cgiScripts.html
[2013-4-18 6:37:34]  Sent 1398 bytes.
[2013-4-18 6:37:35]  Thread launch result = 0
[2013-4-18 6:37:35]  Waiting for inbound request.
[2013-4-18 6:37:35]  Thread launch result = 0
[2013-4-18 6:37:35]  Waiting for inbound request.
[2013-4-18 6:37:35]  Thread launch result = 0
[2013-4-18 6:37:35]  Waiting for inbound request.
[2013-4-18 6:37:35]  Received inbound request from 68.230.50.74
[2013-4-18 6:37:35]  Socket numbr = 7
[2013-4-18 6:37:35]  Received inbound request from 68.230.50.74
[2013-4-18 6:37:35]  Socket numbr = 5
GET /snapshot/snapshotx3.jpeg HTTP/1.1
Host: 68.104.234.48:8077
Referer: http://68.104.234.48:8077/cgiScripts.html
Accept-Encoding: gzip, deflate
Accept: */*
Accept-Language: en-us
Connection: keep-alive
DNT: 1
User-Agent: Mozilla/5.0 (iPhone; CPU iPhone OS 6_1_2 like Mac OS X) AppleWebKit/536.26 (KHTML, like Gecko) Version/6.0 Mobile/10B146 Safari/8536.25


GET /snapshot/snapshot.jpeg HTTP/1.1
Host: 68.104.234.48:8077
Referer: http://68.104.234.48:8077/cgiScripts.html
Accept-Encoding: gzip, deflate
Accept: */*
Accept-Language: en-us
Connection: keep-alive
DNT: 1
User-Agent: Mozilla/5.0 (iPhone; CPU iPhone OS 6_1_2 like Mac OS X) AppleWebKit/536.26 (KHTML, like Gecko) Version/6.0 Mobile/10B146 Safari/8536.25


[2013-4-18 6:37:35]  Received inbound request from 68.230.50.74
[2013-4-18 6:37:35]  Socket numbr = 6
GET /piLogo.png HTTP/1.1
Host: 68.104.234.48:8077
Referer: http://68.104.234.48:8077/cgiScripts.html
Accept-Encoding: gzip, deflate
Accept: */*
Accept-Language: en-us
Connection: keep-alive
DNT: 1
User-Agent: Mozilla/5.0 (iPhone; CPU iPhone OS 6_1_2 like Mac OS X) AppleWebKit/536.26 (KHTML, like Gecko) Version/6.0 Mobile/10B146 Safari/8536.25


[2013-4-18 6:37:35]  (356 bytes)
[2013-4-18 6:37:35]  Checking for web/piLogo.png
[2013-4-18 6:37:35]  Sending web/piLogo.png
[2013-4-18 6:37:35]  (370 bytes)
[2013-4-18 6:37:35]  (368 bytes)
[2013-4-18 6:37:35]  Sent 3277 bytes.
[2013-4-18 6:37:35]  Checking for web/snapshot/snapshotx3.jpeg
[2013-4-18 6:37:35]  Sending web/snapshot/snapshotx3.jpeg
[2013-4-18 6:37:35]  Sent 36271 bytes.
[2013-4-18 6:37:35]  Checking for web/snapshot/snapshot.jpeg
[2013-4-18 6:37:35]  Sending web/snapshot/snapshot.jpeg
[2013-4-18 6:37:35]  Sent 18152 bytes.
[2013-4-18 6:37:50]  Thread launch result = 0
[2013-4-18 6:37:50]  Waiting for inbound request.
[2013-4-18 6:37:50]  Received inbound request from 68.230.50.74
[2013-4-18 6:37:50]  Socket numbr = 8
GET /cgiScripts.html HTTP/1.1
Host: 68.104.234.48:8077
Accept-Encoding: gzip, deflate
Accept: text/html,application/xhtml+xml,application/xml;q=0.9,*/*;q=0.8
Accept-Language: en-us
Connection: keep-alive
DNT: 1
User-Agent: Mozilla/5.0 (iPhone; CPU iPhone OS 6_1_2 like Mac OS X) AppleWebKit/536.26 (KHTML, like Gecko) Version/6.0 Mobile/10B146 Safari/8536.25


[2013-4-18 6:37:50]  (369 bytes)
[2013-4-18 6:37:50]  Checking for web/cgiScripts.html
[2013-4-18 6:37:50]  Sending web/cgiScripts.html
[2013-4-18 6:37:50]  Sent 1398 bytes.
[2013-4-18 6:37:50]  Thread launch result = 0
[2013-4-18 6:37:50]  Waiting for inbound request.
[2013-4-18 6:37:50]  Received inbound request from 68.230.50.74
[2013-4-18 6:37:50]  Socket numbr = 5
[2013-4-18 6:37:50]  Thread launch result = 0
[2013-4-18 6:37:50]  Waiting for inbound request.
[2013-4-18 6:37:50]  Thread launch result = 0
[2013-4-18 6:37:50]  Waiting for inbound request.
[2013-4-18 6:37:50]  Received inbound request from 68.230.50.74
[2013-4-18 6:37:50]  Socket numbr = 7
[2013-4-18 6:37:50]  Received inbound request from 68.230.50.74
[2013-4-18 6:37:50]  Socket numbr = 6
GET /piLogo.png HTTP/1.1
Host: 68.104.234.48:8077
Referer: http://68.104.234.48:8077/cgiScripts.html
Accept-Encoding: gzip, deflate
Accept: */*
Accept-Language: en-us
Connection: keep-alive
DNT: 1
User-Agent: Mozilla/5.0 (iPhone; CPU iPhone OS 6_1_2 like Mac OS X) AppleWebKit/536.26 (KHTML, like Gecko) Version/6.0 Mobile/10B146 Safari/8536.25


[2013-4-18 6:37:50]  (356 bytes)
[2013-4-18 6:37:50]  Checking for web/piLogo.png
[2013-4-18 6:37:50]  Sending web/piLogo.png
[2013-4-18 6:37:50]  Sent 3277 bytes.
GET /snapshot/snapshotx3.jpeg HTTP/1.1
Host: 68.104.234.48:8077
Referer: http://68.104.234.48:8077/cgiScripts.html
Accept-Encoding: gzip, deflate
Accept: */*
Accept-Language: en-us
Connection: keep-alive
DNT: 1
User-Agent: Mozilla/5.0 (iPhone; CPU iPhone OS 6_1_2 like Mac OS X) AppleWebKit/536.26 (KHTML, like Gecko) Version/6.0 Mobile/10B146 Safari/8536.25


[2013-4-18 6:37:50]  (370 bytes)
[2013-4-18 6:37:50]  Checking for web/snapshot/snapshotx3.jpeg
[2013-4-18 6:37:50]  Sending web/snapshot/snapshotx3.jpeg
GET /snapshot/snapshot.jpeg HTTP/1.1
Host: 68.104.234.48:8077
Referer: http://68.104.234.48:8077/cgiScripts.html
Accept-Encoding: gzip, deflate
Accept: */*
Accept-Language: en-us
Connection: keep-alive
DNT: 1
User-Agent: Mozilla/5.0 (iPhone; CPU iPhone OS 6_1_2 like Mac OS X) AppleWebKit/536.26 (KHTML, like Gecko) Version/6.0 Mobile/10B146 Safari/8536.25


[2013-4-18 6:37:50]  (368 bytes)
[2013-4-18 6:37:50]  Sent 36271 bytes.
[2013-4-18 6:37:50]  Checking for web/snapshot/snapshot.jpeg
[2013-4-18 6:37:50]  Sending web/snapshot/snapshot.jpeg
[2013-4-18 6:37:50]  Sent 18152 bytes.
[2013-4-18 7:31:49]  Thread launch result = 0
[2013-4-18 7:31:49]  Waiting for inbound request.
[2013-4-18 7:31:49]  Received inbound request from 64.134.46.148
[2013-4-18 7:31:49]  Socket numbr = 8
GET /cgiScripts.html HTTP/1.1
Host: 68.104.234.48:8077
User-Agent: Mozilla/5.0 (Macintosh; Intel Mac OS X 10_7_5) AppleWebKit/536.28.10 (KHTML, like Gecko) Version/6.0.3 Safari/536.28.10
Accept: text/html,application/xhtml+xml,application/xml;q=0.9,*/*;q=0.8
X-Purpose: preview
Accept-Language: en-us
Accept-Encoding: gzip, deflate
Connection: keep-alive


[2013-4-18 7:31:49]  (365 bytes)
[2013-4-18 7:31:49]  Checking for web/cgiScripts.html
[2013-4-18 7:31:49]  Sending web/cgiScripts.html
[2013-4-18 7:31:49]  Sent 1398 bytes.
[2013-4-18 7:31:49]  Thread launch result = 0
[2013-4-18 7:31:49]  Waiting for inbound request.
[2013-4-18 7:31:49]  Received inbound request from 64.134.46.148
[2013-4-18 7:31:49]  Socket numbr = 5
GET /piLogo.png HTTP/1.1
Host: 68.104.234.48:8077
User-Agent: Mozilla/5.0 (Macintosh; Intel Mac OS X 10_7_5) AppleWebKit/536.28.10 (KHTML, like Gecko) Version/6.0.3 Safari/536.28.10
Accept: */*
Referer: http://68.104.234.48:8077/cgiScripts.html
Accept-Language: en-us
Accept-Encoding: gzip, deflate
Connection: keep-alive


[2013-4-18 7:31:49]  (332 bytes)
[2013-4-18 7:31:49]  Checking for web/piLogo.png
[2013-4-18 7:31:49]  Sending web/piLogo.png
[2013-4-18 7:31:49]  Thread launch result = 0
[2013-4-18 7:31:49]  Waiting for inbound request.
[2013-4-18 7:31:49]  Sent 3277 bytes.
[2013-4-18 7:31:49]  Received inbound request from 64.134.46.148
[2013-4-18 7:31:49]  Socket numbr = 6
[2013-4-18 7:31:49]  Thread launch result = 0
[2013-4-18 7:31:49]  Waiting for inbound request.
GET /snapshot/snapshot.jpeg HTTP/1.1
Host: 68.104.234.48:8077
User-Agent: Mozilla/5.0 (Macintosh; Intel Mac OS X 10_7_5) AppleWebKit/536.28.10 (KHTML, like Gecko) Version/6.0.3 Safari/536.28.10
Accept: */*
Referer: http://68.104.234.48:8077/cgiScripts.html
Accept-Language: en-us
Accept-Encoding: gzip, deflate
Connection: keep-alive


[2013-4-18 7:31:49]  (344 bytes)
[2013-4-18 7:31:49]  Checking for web/snapshot/snapshot.jpeg
[2013-4-18 7:31:49]  Sending web/snapshot/snapshot.jpeg
[2013-4-18 7:31:49]  Received inbound request from 64.134.46.148
[2013-4-18 7:31:49]  Socket numbr = 5
GET /snapshot/snapshotx3.jpeg HTTP/1.1
Host: 68.104.234.48:8077
User-Agent: Mozilla/5.0 (Macintosh; Intel Mac OS X 10_7_5) AppleWebKit/536.28.10 (KHTML, like Gecko) Version/6.0.3 Safari/536.28.10
Accept: */*
Referer: http://68.104.234.48:8077/cgiScripts.html
Accept-Language: en-us
Accept-Encoding: gzip, deflate
Connection: keep-alive


[2013-4-18 7:31:49]  (346 bytes)
[2013-4-18 7:31:49]  Sent 18152 bytes.
[2013-4-18 7:31:49]  Checking for web/snapshot/snapshotx3.jpeg
[2013-4-18 7:31:49]  Sending web/snapshot/snapshotx3.jpeg
[2013-4-18 7:31:50]  Sent 36271 bytes.
[2013-4-18 16:32:31]  Thread launch result = 0
[2013-4-18 16:32:31]  Waiting for inbound request.
[2013-4-18 16:32:31]  Received inbound request from 166.137.112.93
[2013-4-18 16:32:31]  Socket numbr = 7
GET /cgiScripts.html HTTP/1.1
Host: 68.104.234.48:8077
Accept-Encoding: gzip, deflate
Accept: text/html,application/xhtml+xml,application/xml;q=0.9,*/*;q=0.8
Accept-Language: en-us
Connection: keep-alive
DNT: 1
User-Agent: Mozilla/5.0 (iPhone; CPU iPhone OS 6_1_3 like Mac OS X) AppleWebKit/536.26 (KHTML, like Gecko) Version/6.0 Mobile/10B329 Safari/8536.25


[2013-4-18 16:32:31]  (369 bytes)
[2013-4-18 16:32:31]  Checking for web/cgiScripts.html
[2013-4-18 16:32:31]  Sending web/cgiScripts.html
[2013-4-18 16:32:31]  Sent 1398 bytes.
[2013-4-18 16:32:31]  Thread launch result = 0
[2013-4-18 16:32:31]  Waiting for inbound request.
[2013-4-18 16:32:31]  Thread launch result = 0
[2013-4-18 16:32:31]  Waiting for inbound request.
[2013-4-18 16:32:31]  Received inbound request from 166.137.112.93
[2013-4-18 16:32:31]  Socket numbr = 6
[2013-4-18 16:32:31]  Received inbound request from 166.137.112.93
[2013-4-18 16:32:31]  Socket numbr = 5
[2013-4-18 16:32:31]  Thread launch result = 0
[2013-4-18 16:32:31]  Waiting for inbound request.
[2013-4-18 16:32:31]  Received inbound request from 166.137.112.93
[2013-4-18 16:32:31]  Socket numbr = 7
GET /piLogo.png HTTP/1.1
Host: 68.104.234.48:8077
Referer: http://68.104.234.48:8077/cgiScripts.html
Accept-Encoding: gzip, deflate
Accept: */*
Accept-Language: en-us
Connection: keep-alive
DNT: 1
User-Agent: Mozilla/5.0 (iPhone; CPU iPhone OS 6_1_3 like Mac OS X) AppleWebKit/536.26 (KHTML, like Gecko) Version/6.0 Mobile/10B329 Safari/8536.25


[2013-4-18 16:32:31]  (356 bytes)
[2013-4-18 16:32:31]  Checking for web/piLogo.png
[2013-4-18 16:32:31]  Sending web/piLogo.png
[2013-4-18 16:32:31]  Sent 3277 bytes.
GET /snapshot/snapshot.jpeg HTTP/1.1
Host: 68.104.234.48:8077
Referer: http://68.104.234.48:8077/cgiScripts.html
Accept-Encoding: gzip, deflate
Accept: */*
Accept-Language: en-us
Connection: keep-alive
DNT: 1
User-Agent: Mozilla/5.0 (iPhone; CPU iPhone OS 6_1_3 like Mac OS X) AppleWebKit/536.26 (KHTML, like Gecko) Version/6.0 Mobile/10B329 Safari/8536.25


[2013-4-18 16:32:31]  (368 bytes)
[2013-4-18 16:32:31]  Checking for web/snapshot/snapshot.jpeg
[2013-4-18 16:32:31]  Sending web/snapshot/snapshot.jpeg
GET /snapshot/snapshotx3.jpeg HTTP/1.1
Host: 68.104.234.48:8077
Referer: http://68.104.234.48:8077/cgiScripts.html
Accept-Encoding: gzip, deflate
Accept: */*
Accept-Language: en-us
Connection: keep-alive
DNT: 1
User-Agent: Mozilla/5.0 (iPhone; CPU iPhone OS 6_1_3 like Mac OS X) AppleWebKit/536.26 (KHTML, like Gecko) Version/6.0 Mobile/10B329 Safari/8536.25


[2013-4-18 16:32:31]  (370 bytes)
[2013-4-18 16:32:32]  Sent 18152 bytes.
[2013-4-18 16:32:32]  Checking for web/snapshot/snapshotx3.jpeg
[2013-4-18 16:32:32]  Sending web/snapshot/snapshotx3.jpeg
[2013-4-18 16:32:32]  Sent 36271 bytes.
[2013-4-19 8:07:52]  Thread launch result = 0
[2013-4-19 8:07:52]  Waiting for inbound request.
[2013-4-19 8:07:52]  Received inbound request from 64.134.46.148
[2013-4-19 8:07:52]  Socket numbr = 8
GET /cgiScripts.html HTTP/1.1
Host: 68.104.234.48:8077
User-Agent: Mozilla/5.0 (Macintosh; Intel Mac OS X 10_7_5) AppleWebKit/536.28.10 (KHTML, like Gecko) Version/6.0.3 Safari/536.28.10
Accept: text/html,application/xhtml+xml,application/xml;q=0.9,*/*;q=0.8
X-Purpose: preview
Accept-Language: en-us
Accept-Encoding: gzip, deflate
Connection: keep-alive


[2013-4-19 8:07:52]  (365 bytes)
[2013-4-19 8:07:52]  Checking for web/cgiScripts.html
[2013-4-19 8:07:52]  Sending web/cgiScripts.html
[2013-4-19 8:07:52]  Sent 1398 bytes.
[2013-4-19 8:07:52]  Thread launch result = 0
[2013-4-19 8:07:52]  Waiting for inbound request.
[2013-4-19 8:07:52]  Thread launch result = 0
[2013-4-19 8:07:52]  Waiting for inbound request.
[2013-4-19 8:07:52]  Thread launch result = 0
[2013-4-19 8:07:52]  Waiting for inbound request.
[2013-4-19 8:07:52]  Received inbound request from 64.134.46.148
[2013-4-19 8:07:52]  Socket numbr = 7
GET /snapshot/snapshot.jpeg HTTP/1.1
Host: 68.104.234.48:8077
User-Agent: Mozilla/5.0 (Macintosh; Intel Mac OS X 10_7_5) AppleWebKit/536.28.10 (KHTML, like Gecko) Version/6.0.3 Safari/536.28.10
Accept: */*
Referer: http://68.104.234.48:8077/cgiScripts.html
Accept-Language: en-us
Accept-Encoding: gzip, deflate
Connection: keep-alive


[2013-4-19 8:07:52]  (344 bytes)
[2013-4-19 8:07:52]  Checking for web/snapshot/snapshot.jpeg
[2013-4-19 8:07:52]  Sending web/snapshot/snapshot.jpeg
[2013-4-19 8:07:52]  Received inbound request from 64.134.46.148
[2013-4-19 8:07:52]  Socket numbr = 6
GET /piLogo.png HTTP/1.1
Host: 68.104.234.48:8077
User-Agent: Mozilla/5.0 (Macintosh; Intel Mac OS X 10_7_5) AppleWebKit/536.28.10 (KHTML, like Gecko) Version/6.0.3 Safari/536.28.10
Accept: */*
Referer: http://68.104.234.48:8077/cgiScripts.html
Accept-Language: en-us
Accept-Encoding: gzip, deflate
Connection: keep-alive


[2013-4-19 8:07:52]  (332 bytes)
[2013-4-19 8:07:52]  Received inbound request from 64.134.46.148
[2013-4-19 8:07:52]  Socket numbr = 5
GET /snapshot/snapshotx3.jpeg HTTP/1.1
Host: 68.104.234.48:8077
User-Agent: Mozilla/5.0 (Macintosh; Intel Mac OS X 10_7_5) AppleWebKit/536.28.10 (KHTML, like Gecko) Version/6.0.3 Safari/536.28.10
Accept: */*
Referer: http://68.104.234.48:8077/cgiScripts.html
Accept-Language: en-us
Accept-Encoding: gzip, deflate
Connection: keep-alive


[2013-4-19 8:07:52]  (346 bytes)
[2013-4-19 8:07:53]  Sent 18152 bytes.
[2013-4-19 8:07:53]  Checking for web/piLogo.png
[2013-4-19 8:07:53]  Sending web/piLogo.png
[2013-4-19 8:07:53]  Sent 3277 bytes.
[2013-4-19 8:07:53]  Checking for web/snapshot/snapshotx3.jpeg
[2013-4-19 8:07:53]  Sending web/snapshot/snapshotx3.jpeg
[2013-4-19 8:07:53]  Sent 36271 bytes.
[2013-4-23 13:27:08]  ******************
[2013-4-23 13:27:08]  ** OliWeb 0.1.7 **
[2013-4-23 13:27:08]  ******************
[2013-4-23 13:27:08]  Opening OliWebConfig.xml
[2013-4-23 13:27:08]  Parsing XML (tinyxml2)
[2013-4-23 13:27:08]  Errorcode = 0
[2013-4-23 13:27:08]  Reading configuration parameters
[2013-4-23 13:27:08]  PortNumber = 8077
[2013-4-23 13:27:08]  RootFileDirectory = web
[2013-4-23 13:27:08]  DefaultFileName = index.html
[2013-4-23 13:27:08]  FileNotFoundPage = oops404.html
[2013-4-23 13:27:08]  ScriptDirectory = cgi-bin
[2013-4-23 13:27:08]  Opening port 8077
[2013-4-23 13:27:08]  Listening on port 8077...
[2013-4-23 13:27:08]  Waiting for inbound request.
[2013-4-23 13:27:14]  Thread launch result = 0
[2013-4-23 13:27:14]  Waiting for inbound request.
[2013-4-23 13:27:14]  Received inbound request from 98.174.225.94
[2013-4-23 13:27:14]  Socket numbr = 5
GET /cgiScripts.html HTTP/1.1
Host: 68.104.234.48:8077
User-Agent: Mozilla/5.0 (Macintosh; Intel Mac OS X 10_7_5) AppleWebKit/536.28.10 (KHTML, like Gecko) Version/6.0.3 Safari/536.28.10
Accept: text/html,application/xhtml+xml,application/xml;q=0.9,*/*;q=0.8
Cache-Control: max-age=0
Referer: http://68.104.234.48:8077/index.html
Accept-Language: en-us
Accept-Encoding: gzip, deflate
Connection: keep-alive


[2013-4-23 13:27:14]  (418 bytes)
[2013-4-23 13:27:14]  Checking for web/cgiScripts.html
[2013-4-23 13:27:14]  Sending web/cgiScripts.html
[2013-4-23 13:27:14]  Sent 1398 bytes.
[2013-4-23 13:27:14]  Thread launch result = 0
[2013-4-23 13:27:14]  Waiting for inbound request.
[2013-4-23 13:27:14]  Received inbound request from 98.174.225.94
[2013-4-23 13:27:14]  Socket numbr = 6
[2013-4-23 13:27:14]  Thread launch result = 0
[2013-4-23 13:27:14]  Waiting for inbound request.
[2013-4-23 13:27:14]  Thread launch result = 0
[2013-4-23 13:27:14]  Waiting for inbound request.
GET /piLogo.png HTTP/1.1
Host: 68.104.234.48:8077
User-Agent: Mozilla/5.0 (Macintosh; Intel Mac OS X 10_7_5) AppleWebKit/536.28.10 (KHTML, like Gecko) Version/6.0.3 Safari/536.28.10
Accept: */*
Referer: http://68.104.234.48:8077/cgiScripts.html
Accept-Language: en-us
Accept-Encoding: gzip, deflate
Connection: keep-alive


[2013-4-23 13:27:14]  (332 bytes)
[2013-4-23 13:27:14]  Checking for web/piLogo.png
[2013-4-23 13:27:14]  Received inbound request from 98.174.225.94
[2013-4-23 13:27:14]  Received inbound request from 98.174.225.94
[2013-4-23 13:27:14]  Sending web/piLogo.png
[2013-4-23 13:27:14]  Socket numbr = 5
GET /snapshot/snapshot.jpeg HTTP/1.1
Host: 68.104.234.48:8077
User-Agent: Mozilla/5.0 (Macintosh; Intel Mac OS X 10_7_5) AppleWebKit/536.28.10 (KHTML, like Gecko) Version/6.0.3 Safari/536.28.10
Accept: */*
Referer: http://68.104.234.48:8077/cgiScripts.html
Accept-Language: en-us
Accept-Encoding: gzip, deflate
Connection: keep-alive


[2013-4-23 13:27:14]  Sent 3277 bytes.
[2013-4-23 13:27:14]  Socket numbr = 7
GET /snapshot/snapshotx3.jpeg HTTP/1.1
Host: 68.104.234.48:8077
User-Agent: Mozilla/5.0 (Macintosh; Intel Mac OS X 10_7_5) AppleWebKit/536.28.10 (KHTML, like Gecko) Version/6.0.3 Safari/536.28.10
Accept: */*
Referer: http://68.104.234.48:8077/cgiScripts.html
Accept-Language: en-us
Accept-Encoding: gzip, deflate
Connection: keep-alive


[2013-4-23 13:27:14]  (346 bytes)
[2013-4-23 13:27:14]  (344 bytes)
[2013-4-23 13:27:14]  Checking for web/snapshot/snapshotx3.jpeg
[2013-4-23 13:27:14]  Sending web/snapshot/snapshotx3.jpeg
[2013-4-23 13:27:14]  Sent 36271 bytes.
[2013-4-23 13:27:14]  Checking for web/snapshot/snapshot.jpeg
[2013-4-23 13:27:14]  Sending web/snapshot/snapshot.jpeg
[2013-4-23 13:27:14]  Sent 18152 bytes.
[2013-4-23 13:27:14]  Thread launch result = 0
[2013-4-23 13:27:14]  Waiting for inbound request.
[2013-4-23 13:27:14]  Received inbound request from 98.174.225.94
[2013-4-23 13:27:14]  Socket numbr = 8
GET /favicon.ico HTTP/1.1
Host: 68.104.234.48:8077
User-Agent: Mozilla/5.0 (Macintosh; Intel Mac OS X 10_7_5) AppleWebKit/536.28.10 (KHTML, like Gecko) Version/6.0.3 Safari/536.28.10
Accept: */*
Referer: http://68.104.234.48:8077/cgiScripts.html
Accept-Language: en-us
Accept-Encoding: gzip, deflate
Connection: keep-alive


[2013-4-23 13:27:14]  (333 bytes)
[2013-4-23 13:27:14]  Checking for web/favicon.ico
[2013-4-23 13:27:14]  Sending web/favicon.ico
[2013-4-23 13:27:14]  Sent 1150 bytes.
[2013-4-23 13:27:57]  Thread launch result = 0
[2013-4-23 13:27:57]  Waiting for inbound request.
[2013-4-23 13:27:57]  Received inbound request from 98.174.225.94
[2013-4-23 13:27:57]  Socket numbr = 5
GET /snapshot.cgi HTTP/1.1
Host: 68.104.234.48:8077
User-Agent: Mozilla/5.0 (Macintosh; Intel Mac OS X 10_7_5) AppleWebKit/536.28.10 (KHTML, like Gecko) Version/6.0.3 Safari/536.28.10
Accept: text/html,application/xhtml+xml,application/xml;q=0.9,*/*;q=0.8
Referer: http://68.104.234.48:8077/cgiScripts.html
Accept-Language: en-us
Accept-Encoding: gzip, deflate
Connection: keep-alive


[2013-4-23 13:27:57]  (394 bytes)
[2013-4-23 13:27:57]  Invoking: 'cgi-bin/snapshot.cgi >> scriptOutput.5'.
[2013-4-23 13:28:03]  Return value = 0
[2013-4-23 13:28:03]  Checking for scriptOutput.5
[2013-4-23 13:28:03]  Sending scriptOutput.5
[2013-4-23 13:28:03]  Sent 422 bytes.
[2013-4-23 13:28:03]  Thread launch result = 0
[2013-4-23 13:28:03]  Waiting for inbound request.
[2013-4-23 13:28:03]  Received inbound request from 98.174.225.94
[2013-4-23 13:28:03]  Socket numbr = 5
GET /snapshot/snapshot.jpeg HTTP/1.1
Host: 68.104.234.48:8077
User-Agent: Mozilla/5.0 (Macintosh; Intel Mac OS X 10_7_5) AppleWebKit/536.28.10 (KHTML, like Gecko) Version/6.0.3 Safari/536.28.10
Accept: */*
Referer: http://68.104.234.48:8077/snapshot.cgi
Accept-Language: en-us
Accept-Encoding: gzip, deflate
Connection: keep-alive


[2013-4-23 13:28:03]  (341 bytes)
[2013-4-23 13:28:03]  Checking for web/snapshot/snapshot.jpeg
[2013-4-23 13:28:03]  Sending web/snapshot/snapshot.jpeg
[2013-4-23 13:28:04]  Sent 15504 bytes.
[2013-4-23 13:28:10]  Thread launch result = 0
[2013-4-23 13:28:10]  Waiting for inbound request.
[2013-4-23 13:28:10]  Received inbound request from 98.174.225.94
[2013-4-23 13:28:10]  Socket numbr = 6
GET /cgiScripts.html HTTP/1.1
Host: 68.104.234.48:8077
User-Agent: Mozilla/5.0 (Macintosh; Intel Mac OS X 10_7_5) AppleWebKit/536.28.10 (KHTML, like Gecko) Version/6.0.3 Safari/536.28.10
Accept: text/html,application/xhtml+xml,application/xml;q=0.9,*/*;q=0.8
Referer: http://68.104.234.48:8077/snapshot.cgi
Accept-Language: en-us
Accept-Encoding: gzip, deflate
Connection: keep-alive


[2013-4-23 13:28:10]  (394 bytes)
[2013-4-23 13:28:10]  Checking for web/cgiScripts.html
[2013-4-23 13:28:10]  Sending web/cgiScripts.html
[2013-4-23 13:28:10]  Sent 1398 bytes.
[2013-4-23 13:28:10]  Thread launch result = 0
[2013-4-23 13:28:10]  Waiting for inbound request.
[2013-4-23 13:28:10]  Thread launch result = 0
[2013-4-23 13:28:10]  Waiting for inbound request.
[2013-4-23 13:28:10]  Thread launch result = 0
[2013-4-23 13:28:10]  Waiting for inbound request.
[2013-4-23 13:28:10]  Received inbound request from 98.174.225.94
[2013-4-23 13:28:10]  Received inbound request from 98.174.225.94
[2013-4-23 13:28:10]  Socket numbr = 7
GET /snapshot/snapshotx3.jpeg HTTP/1.1
Host: 68.104.234.48:8077
User-Agent: Mozilla/5.0 (Macintosh; Intel Mac OS X 10_7_5) AppleWebKit/536.28.10 (KHTML, like Gecko) Version/6.0.3 Safari/536.28.10
Accept: */*
Referer: http://68.104.234.48:8077/cgiScripts.html
Accept-Language: en-us
Accept-Encoding: gzip, deflate
Connection: keep-alive


[2013-4-23 13:28:10]  Received inbound request from 98.174.225.94
[2013-4-23 13:28:10]  Socket numbr = 6
GET /snapshot/snapshot.jpeg HTTP/1.1
Host: 68.104.234.48:8077
User-Agent: Mozilla/5.0 (Macintosh; Intel Mac OS X 10_7_5) AppleWebKit/536.28.10 (KHTML, like Gecko) Version/6.0.3 Safari/536.28.10
Accept: */*
Referer: http://68.104.234.48:8077/cgiScripts.html
Accept-Language: en-us
Accept-Encoding: gzip, deflate
Connection: keep-alive


[2013-4-23 13:28:10]  (344 bytes)
[2013-4-23 13:28:10]  (346 bytes)
[2013-4-23 13:28:10]  Checking for web/snapshot/snapshot.jpeg
[2013-4-23 13:28:10]  Sending web/snapshot/snapshot.jpeg
[2013-4-23 13:28:10]  Socket numbr = 5
GET /piLogo.png HTTP/1.1
Host: 68.104.234.48:8077
User-Agent: Mozilla/5.0 (Macintosh; Intel Mac OS X 10_7_5) AppleWebKit/536.28.10 (KHTML, like Gecko) Version/6.0.3 Safari/536.28.10
Accept: */*
Referer: http://68.104.234.48:8077/cgiScripts.html
Accept-Language: en-us
Accept-Encoding: gzip, deflate
Connection: keep-alive


[2013-4-23 13:28:10]  (332 bytes)
[2013-4-23 13:28:10]  Sent 15504 bytes.
[2013-4-23 13:28:10]  Checking for web/piLogo.png
[2013-4-23 13:28:10]  Sending web/piLogo.png
[2013-4-23 13:28:10]  Sent 3277 bytes.
[2013-4-23 13:28:10]  Checking for web/snapshot/snapshotx3.jpeg
[2013-4-23 13:28:10]  Sending web/snapshot/snapshotx3.jpeg
[2013-4-23 13:28:10]  Sent 36271 bytes.
[2013-4-23 13:28:21]  Thread launch result = 0
[2013-4-23 13:28:21]  Waiting for inbound request.
[2013-4-23 13:28:21]  Received inbound request from 98.174.225.94
[2013-4-23 13:28:21]  Socket numbr = 8
GET /snapshot.cgi HTTP/1.1
Host: 68.104.234.48:8077
User-Agent: Mozilla/5.0 (Macintosh; Intel Mac OS X 10_7_5) AppleWebKit/536.28.10 (KHTML, like Gecko) Version/6.0.3 Safari/536.28.10
Accept: text/html,application/xhtml+xml,application/xml;q=0.9,*/*;q=0.8
Referer: http://68.104.234.48:8077/cgiScripts.html
Accept-Language: en-us
Accept-Encoding: gzip, deflate
Connection: keep-alive


[2013-4-23 13:28:21]  (394 bytes)
[2013-4-23 13:28:21]  Invoking: 'cgi-bin/snapshot.cgi >> scriptOutput.8'.
[2013-4-23 13:28:26]  Return value = 0
[2013-4-23 13:28:26]  Checking for scriptOutput.8
[2013-4-23 13:28:26]  Sending scriptOutput.8
[2013-4-23 13:28:26]  Sent 422 bytes.
[2013-4-23 13:28:26]  Thread launch result = 0
[2013-4-23 13:28:26]  Waiting for inbound request.
[2013-4-23 13:28:26]  Received inbound request from 98.174.225.94
[2013-4-23 13:28:26]  Socket numbr = 5
GET /snapshot/snapshot.jpeg HTTP/1.1
Host: 68.104.234.48:8077
User-Agent: Mozilla/5.0 (Macintosh; Intel Mac OS X 10_7_5) AppleWebKit/536.28.10 (KHTML, like Gecko) Version/6.0.3 Safari/536.28.10
Accept: */*
Referer: http://68.104.234.48:8077/snapshot.cgi
Accept-Language: en-us
Accept-Encoding: gzip, deflate
Connection: keep-alive


[2013-4-23 13:28:26]  (341 bytes)
[2013-4-23 13:28:26]  Checking for web/snapshot/snapshot.jpeg
[2013-4-23 13:28:26]  Sending web/snapshot/snapshot.jpeg
[2013-4-23 13:28:27]  Sent 16784 bytes.
[2013-4-23 13:28:32]  Thread launch result = 0
[2013-4-23 13:28:32]  Waiting for inbound request.
[2013-4-23 13:28:32]  Received inbound request from 98.174.225.94
[2013-4-23 13:28:32]  Socket numbr = 6
GET /index.html HTTP/1.1
Host: 68.104.234.48:8077
User-Agent: Mozilla/5.0 (Macintosh; Intel Mac OS X 10_7_5) AppleWebKit/536.28.10 (KHTML, like Gecko) Version/6.0.3 Safari/536.28.10
Accept: text/html,application/xhtml+xml,application/xml;q=0.9,*/*;q=0.8
Referer: http://68.104.234.48:8077/snapshot.cgi
Accept-Language: en-us
Accept-Encoding: gzip, deflate
Connection: keep-alive


[2013-4-23 13:28:32]  (389 bytes)
[2013-4-23 13:28:32]  Checking for web/index.html
[2013-4-23 13:28:32]  Sending web/index.html
[2013-4-23 13:28:32]  Sent 930 bytes.
[2013-4-23 13:28:33]  Thread launch result = 0
[2013-4-23 13:28:33]  Waiting for inbound request.
[2013-4-23 13:28:33]  Received inbound request from 98.174.225.94
[2013-4-23 13:28:33]  Socket numbr = 5
GET /piLogo.png HTTP/1.1
Host: 68.104.234.48:8077
User-Agent: Mozilla/5.0 (Macintosh; Intel Mac OS X 10_7_5) AppleWebKit/536.28.10 (KHTML, like Gecko) Version/6.0.3 Safari/536.28.10
Accept: */*
Referer: http://68.104.234.48:8077/index.html
Accept-Language: en-us
Accept-Encoding: gzip, deflate
Connection: keep-alive


[2013-4-23 13:28:33]  (327 bytes)
[2013-4-23 13:28:33]  Checking for web/piLogo.png
[2013-4-23 13:28:33]  Sending web/piLogo.png
[2013-4-23 13:28:33]  Sent 3277 bytes.
[2013-4-23 13:28:33]  Thread launch result = 0
[2013-4-23 13:28:33]  Waiting for inbound request.
[2013-4-23 13:28:33]  Received inbound request from 98.174.225.94
[2013-4-23 13:28:33]  Socket numbr = 6
GET /BigMap.png HTTP/1.1
Host: 68.104.234.48:8077
User-Agent: Mozilla/5.0 (Macintosh; Intel Mac OS X 10_7_5) AppleWebKit/536.28.10 (KHTML, like Gecko) Version/6.0.3 Safari/536.28.10
Accept: */*
Referer: http://68.104.234.48:8077/index.html
Accept-Language: en-us
Accept-Encoding: gzip, deflate
Connection: keep-alive


[2013-4-23 13:28:33]  (327 bytes)
[2013-4-23 13:28:33]  Checking for web/BigMap.png
[2013-4-23 13:28:33]  Sending web/BigMap.png
[2013-4-23 13:28:33]  Sent 100832 bytes.
[2013-4-23 13:28:41]  Thread launch result = 0
[2013-4-23 13:28:41]  Waiting for inbound request.
[2013-4-23 13:28:41]  Received inbound request from 98.174.225.94
[2013-4-23 13:28:41]  Socket numbr = 5
GET /abap.jpg HTTP/1.1
Host: 68.104.234.48:8077
User-Agent: Mozilla/5.0 (Macintosh; Intel Mac OS X 10_7_5) AppleWebKit/536.28.10 (KHTML, like Gecko) Version/6.0.3 Safari/536.28.10
Accept: text/html,application/xhtml+xml,application/xml;q=0.9,*/*;q=0.8
Referer: http://68.104.234.48:8077/index.html
Accept-Language: en-us
Accept-Encoding: gzip, deflate
Connection: keep-alive


[2013-4-23 13:28:41]  (385 bytes)
[2013-4-23 13:28:41]  Checking for web/abap.jpg
[2013-4-23 13:28:41]  Sending web/abap.jpg
[2013-4-23 13:28:43]  Sent 588571 bytes.
[2013-4-23 13:28:54]  Thread launch result = 0
[2013-4-23 13:28:54]  Waiting for inbound request.
[2013-4-23 13:28:54]  Received inbound request from 98.174.225.94
[2013-4-23 13:28:54]  Socket numbr = 6
GET /abap.jpg HTTP/1.1
Host: 68.104.234.48:8077
User-Agent: Mozilla/5.0 (Macintosh; Intel Mac OS X 10_7_5) AppleWebKit/536.28.10 (KHTML, like Gecko) Version/6.0.3 Safari/536.28.10
Accept: text/html,application/xhtml+xml,application/xml;q=0.9,*/*;q=0.8
Referer: http://68.104.234.48:8077/index.html
Accept-Language: en-us
Accept-Encoding: gzip, deflate
Connection: keep-alive


[2013-4-23 13:28:54]  (385 bytes)
[2013-4-23 13:28:54]  Checking for web/abap.jpg
[2013-4-23 13:28:54]  Sending web/abap.jpg
[2013-4-23 13:28:56]  Sent 588571 bytes.
[2013-4-23 13:29:22]  Thread launch result = 0
[2013-4-23 13:29:22]  Waiting for inbound request.
[2013-4-23 13:29:22]  Received inbound request from 98.174.225.94
[2013-4-23 13:29:22]  Socket numbr = 5
GET /ThisLinkDoesNot.Exist HTTP/1.1
Host: 68.104.234.48:8077
User-Agent: Mozilla/5.0 (Macintosh; Intel Mac OS X 10_7_5) AppleWebKit/536.28.10 (KHTML, like Gecko) Version/6.0.3 Safari/536.28.10
Accept: text/html,application/xhtml+xml,application/xml;q=0.9,*/*;q=0.8
Referer: http://68.104.234.48:8077/index.html
Accept-Language: en-us
Accept-Encoding: gzip, deflate
Connection: keep-alive


[2013-4-23 13:29:22]  (398 bytes)
[2013-4-23 13:29:22]  Checking for web/ThisLinkDoesNot.Exist
[2013-4-23 13:29:22]  Sending web/oops404.html
[2013-4-23 13:29:22]  Sent 348 bytes.
[2013-4-23 13:29:26]  Thread launch result = 0
[2013-4-23 13:29:26]  Waiting for inbound request.
[2013-4-23 13:29:26]  Received inbound request from 98.174.225.94
[2013-4-23 13:29:26]  Socket numbr = 6
GET /index.html HTTP/1.1
Host: 68.104.234.48:8077
User-Agent: Mozilla/5.0 (Macintosh; Intel Mac OS X 10_7_5) AppleWebKit/536.28.10 (KHTML, like Gecko) Version/6.0.3 Safari/536.28.10
Accept: text/html,application/xhtml+xml,application/xml;q=0.9,*/*;q=0.8
Referer: http://68.104.234.48:8077/ThisLinkDoesNot.Exist
Accept-Language: en-us
Accept-Encoding: gzip, deflate
Connection: keep-alive


[2013-4-23 13:29:26]  (398 bytes)
[2013-4-23 13:29:26]  Checking for web/index.html
[2013-4-23 13:29:26]  Sending web/index.html
[2013-4-23 13:29:26]  Sent 930 bytes.
[2013-4-23 13:29:26]  Thread launch result = 0
[2013-4-23 13:29:26]  Waiting for inbound request.
[2013-4-23 13:29:26]  Thread launch result = 0
[2013-4-23 13:29:26]  Waiting for inbound request.
[2013-4-23 13:29:26]  Received inbound request from 98.174.225.94
[2013-4-23 13:29:26]  Socket numbr = 6
[2013-4-23 13:29:26]  Received inbound request from 98.174.225.94
[2013-4-23 13:29:26]  Socket numbr = 5
GET /BigMap.png HTTP/1.1
Host: 68.104.234.48:8077
User-Agent: Mozilla/5.0 (Macintosh; Intel Mac OS X 10_7_5) AppleWebKit/536.28.10 (KHTML, like Gecko) Version/6.0.3 Safari/536.28.10
Accept: */*
Referer: http://68.104.234.48:8077/index.html
Accept-Language: en-us
Accept-Encoding: gzip, deflate
Connection: keep-alive


GET /piLogo.png HTTP/1.1
Host: 68.104.234.48:8077
User-Agent: Mozilla/5.0 (Macintosh; Intel Mac OS X 10_7_5) AppleWebKit/536.28.10 (KHTML, like Gecko) Version/6.0.3 Safari/536.28.10
Accept: */*
Referer: http://68.104.234.48:8077/index.html
Accept-Language: en-us
Accept-Encoding: gzip, deflate
Connection: keep-alive


[2013-4-23 13:29:26]  (327 bytes)
[2013-4-23 13:29:26]  Checking for web/BigMap.png
[2013-4-23 13:29:26]  Sending web/BigMap.png
[2013-4-23 13:29:26]  (327 bytes)
[2013-4-23 13:29:26]  Sent 100832 bytes.
[2013-4-23 13:29:26]  Checking for web/piLogo.png
[2013-4-23 13:29:26]  Sending web/piLogo.png
[2013-4-23 13:29:26]  Sent 3277 bytes.
[2013-4-23 13:29:35]  Thread launch result = 0
[2013-4-23 13:29:35]  Waiting for inbound request.
[2013-4-23 13:29:35]  Received inbound request from 98.174.225.94
[2013-4-23 13:29:35]  Socket numbr = 7
GET /ShowConfigXML.cgi HTTP/1.1
Host: 68.104.234.48:8077
User-Agent: Mozilla/5.0 (Macintosh; Intel Mac OS X 10_7_5) AppleWebKit/536.28.10 (KHTML, like Gecko) Version/6.0.3 Safari/536.28.10
Accept: text/html,application/xhtml+xml,application/xml;q=0.9,*/*;q=0.8
Referer: http://68.104.234.48:8077/index.html
Accept-Language: en-us
Accept-Encoding: gzip, deflate
Connection: keep-alive


[2013-4-23 13:29:35]  (394 bytes)
[2013-4-23 13:29:35]  Invoking: 'cgi-bin/ShowConfigXML.cgi >> scriptOutput.7'.
[2013-4-23 13:29:35]  Return value = 0
[2013-4-23 13:29:35]  Checking for scriptOutput.7
[2013-4-23 13:29:35]  Sending scriptOutput.7
[2013-4-23 13:29:35]  Sent 474 bytes.
[2013-4-23 13:29:46]  Thread launch result = 0
[2013-4-23 13:29:46]  Waiting for inbound request.
[2013-4-23 13:29:46]  Received inbound request from 98.174.225.94
[2013-4-23 13:29:46]  Socket numbr = 5
GET /ShowWebLog.cgi HTTP/1.1
Host: 68.104.234.48:8077
User-Agent: Mozilla/5.0 (Macintosh; Intel Mac OS X 10_7_5) AppleWebKit/536.28.10 (KHTML, like Gecko) Version/6.0.3 Safari/536.28.10
Accept: text/html,application/xhtml+xml,application/xml;q=0.9,*/*;q=0.8
Referer: http://68.104.234.48:8077/index.html
Accept-Language: en-us
Accept-Encoding: gzip, deflate
Connection: keep-alive


[2013-4-23 13:29:46]  (391 bytes)
[2013-4-23 13:29:46]  Invoking: 'cgi-bin/ShowWebLog.cgi >> scriptOutput.5'.
[2013-4-23 13:29:46]  Return value = 0
[2013-4-23 13:29:46]  Checking for scriptOutput.5
[2013-4-23 13:29:46]  Sending scriptOutput.5
[2013-4-23 13:29:46]  Sent 20727 bytes.
